<?xml version="1.0" encoding="UTF-8"?>
<testsuite xmlns:xsi="http://www.w3.org/2001/XMLSchema-instance" xsi:noNamespaceSchemaLocation="https://maven.apache.org/surefire/maven-surefire-plugin/xsd/surefire-test-report.xsd" name="TestSuite" time="5.903" tests="7" errors="0" skipped="0" failures="7">
  <properties>
[...]
</properties>
  <testcase name="feature" classname="MyRunner.TestRunner" time="0.197">
    <failure message="java.lang.ExceptionInInitializerError" type="cucumber.runtime.CucumberException">cucumber.runtime.CucumberException: java.lang.ExceptionInInitializerError
	at MyRunner.TestRunner.feature(TestRunner.java:36)
Caused by: java.lang.ExceptionInInitializerError
	at MyRunner.TestRunner.feature(TestRunner.java:36)
Caused by: java.lang.reflect.InaccessibleObjectException: Unable to make field private final java.util.Comparator java.util.TreeMap.comparator accessible: module java.base does not "opens java.util" to unnamed module @4c278787
	at MyRunner.TestRunner.feature(TestRunner.java:36)
</failure>
    <system-out><![CDATA[@feature7
Feature: Data json feature

  @data1
  Scenario: Open Url & from json1        &amp#27;[90m# data.feature:5&amp#27;[0m
    &amp#27;[31mGiven &amp#27;[0m&amp#27;[31mI launch Session on lambdatest&amp#27;[0m &amp#27;[90m# ToDoStepDefinition.user_already_on_home_page()&amp#27;[0m
      &amp#27;[31mjava.lang.ExceptionInInitializerError
      	at cucumber.deps.com.thoughtworks.xstream.XStream.setupConverters(XStream.java:820)
      	at cucumber.deps.com.thoughtworks.xstream.XStream.<init>(XStream.java:574)
      	at cucumber.deps.com.thoughtworks.xstream.XStream.<init>(XStream.java:530)
      	at cucumber.runtime.xstream.LocalizedXStreams$LocalizedXStream.<init>(LocalizedXStreams.java:50)
      	at cucumber.runtime.xstream.LocalizedXStreams.newXStream(LocalizedXStreams.java:37)
      	at cucumber.runtime.xstream.LocalizedXStreams.get(LocalizedXStreams.java:29)
      	at cucumber.runtime.StepDefinitionMatch.runStep(StepDefinitionMatch.java:37)
      	at cucumber.runtime.Runtime.runStep(Runtime.java:300)
      	at cucumber.runtime.model.StepContainer.runStep(StepContainer.java:44)
      	at cucumber.runtime.model.StepContainer.runSteps(StepContainer.java:39)
      	at cucumber.runtime.model.CucumberScenario.run(CucumberScenario.java:44)
      	at cucumber.runtime.model.CucumberFeature.run(CucumberFeature.java:165)
      	at cucumber.api.testng.TestNGCucumberRunner.runCucumber(TestNGCucumberRunner.java:63)
      	at MyRunner.TestRunner.feature(TestRunner.java:36)
      	at java.base/jdk.internal.reflect.NativeMethodAccessorImpl.invoke0(Native Method)
      	at java.base/jdk.internal.reflect.NativeMethodAccessorImpl.invoke(NativeMethodAccessorImpl.java:77)
      	at java.base/jdk.internal.reflect.DelegatingMethodAccessorImpl.invoke(DelegatingMethodAccessorImpl.java:43)
      	at java.base/java.lang.reflect.Method.invoke(Method.java:568)
      	at org.testng.internal.MethodInvocationHelper.invokeMethod(MethodInvocationHelper.java:124)
      	at org.testng.internal.Invoker.invokeMethod(Invoker.java:583)
      	at org.testng.internal.Invoker.invokeTestMethod(Invoker.java:719)
      	at org.testng.internal.Invoker.invokeTestMethods(Invoker.java:989)
      	at org.testng.internal.TestMethodWorker.invokeTestMethods(TestMethodWorker.java:125)
      	at org.testng.internal.TestMethodWorker.run(TestMethodWorker.java:109)
      	at org.testng.TestRunner.privateRun(TestRunner.java:648)
      	at org.testng.TestRunner.run(TestRunner.java:505)
      	at org.testng.SuiteRunner.runTest(SuiteRunner.java:455)
      	at org.testng.SuiteRunner.access$000(SuiteRunner.java:40)
      	at org.testng.SuiteRunner$SuiteWorker.run(SuiteRunner.java:489)
      	at org.testng.internal.thread.ThreadUtil$1.call(ThreadUtil.java:52)
      	at java.base/java.util.concurrent.FutureTask.run(FutureTask.java:264)
      	at java.base/java.util.concurrent.ThreadPoolExecutor.runWorker(ThreadPoolExecutor.java:1136)
      	at java.base/java.util.concurrent.ThreadPoolExecutor$Worker.run(ThreadPoolExecutor.java:635)
      	at java.base/java.lang.Thread.run(Thread.java:833)
      	at ✽.Given I launch Session on lambdatest(data.feature:6)
      Caused by: java.lang.reflect.InaccessibleObjectException: Unable to make field private final java.util.Comparator java.util.TreeMap.comparator accessible: module java.base does not "opens java.util" to unnamed module @4c278787
      	at java.base/java.lang.reflect.AccessibleObject.checkCanSetAccessible(AccessibleObject.java:354)
      	at java.base/java.lang.reflect.AccessibleObject.checkCanSetAccessible(AccessibleObject.java:297)
      	at java.base/java.lang.reflect.Field.checkCanSetAccessible(Field.java:178)
      	at java.base/java.lang.reflect.Field.setAccessible(Field.java:172)
      	at cucumber.deps.com.thoughtworks.xstream.core.util.Fields.locate(Fields.java:39)
      	at cucumber.deps.com.thoughtworks.xstream.converters.collections.TreeMapConverter.<clinit>(TreeMapConverter.java:50)
      	at cucumber.deps.com.thoughtworks.xstream.XStream.setupConverters(XStream.java:820)
      	at cucumber.deps.com.thoughtworks.xstream.XStream.<init>(XStream.java:574)
      	at cucumber.deps.com.thoughtworks.xstream.XStream.<init>(XStream.java:530)
      	at cucumber.runtime.xstream.LocalizedXStreams$LocalizedXStream.<init>(LocalizedXStreams.java:50)
      	at cucumber.runtime.xstream.LocalizedXStreams.newXStream(LocalizedXStreams.java:37)
      	at cucumber.runtime.xstream.LocalizedXStreams.get(LocalizedXStreams.java:29)
      	at cucumber.runtime.StepDefinitionMatch.runStep(StepDefinitionMatch.java:37)
      	at cucumber.runtime.Runtime.runStep(Runtime.java:300)
      	at cucumber.runtime.model.StepContainer.runStep(StepContainer.java:44)
      	at cucumber.runtime.model.StepContainer.runSteps(StepContainer.java:39)
      	at cucumber.runtime.model.CucumberScenario.run(CucumberScenario.java:44)
      	at cucumber.runtime.model.CucumberFeature.run(CucumberFeature.java:165)
      	at cucumber.api.testng.TestNGCucumberRunner.runCucumber(TestNGCucumberRunner.java:63)
      	at MyRunner.TestRunner.feature(TestRunner.java:36)
      	at java.base/jdk.internal.reflect.NativeMethodAccessorImpl.invoke0(Native Method)
      	at java.base/jdk.internal.reflect.NativeMethodAccessorImpl.invoke(NativeMethodAccessorImpl.java:77)
      	at java.base/jdk.internal.reflect.DelegatingMethodAccessorImpl.invoke(DelegatingMethodAccessorImpl.java:43)
      	at java.base/java.lang.reflect.Method.invoke(Method.java:568)
      	at org.testng.internal.MethodInvocationHelper.invokeMethod(MethodInvocationHelper.java:124)
      	at org.testng.internal.Invoker.invokeMethod(Invoker.java:583)
      	at org.testng.internal.Invoker.invokeTestMethod(Invoker.java:719)
      	at org.testng.internal.Invoker.invokeTestMethods(Invoker.java:989)
      	at org.testng.internal.TestMethodWorker.invokeTestMethods(TestMethodWorker.java:125)
      	at org.testng.internal.TestMethodWorker.run(TestMethodWorker.java:109)
      	at org.testng.TestRunner.privateRun(TestRunner.java:648)
      	at org.testng.TestRunner.run(TestRunner.java:505)
      	at org.testng.SuiteRunner.runTest(SuiteRunner.java:455)
      	at org.testng.SuiteRunner.access$000(SuiteRunner.java:40)
      	at org.testng.SuiteRunner$SuiteWorker.run(SuiteRunner.java:489)
      	at org.testng.internal.thread.ThreadUtil$1.call(ThreadUtil.java:52)
      	at java.base/java.util.concurrent.FutureTask.run(FutureTask.java:264)
      	at java.base/java.util.concurrent.ThreadPoolExecutor.runWorker(ThreadPoolExecutor.java:1136)
      	at java.base/java.util.concurrent.ThreadPoolExecutor$Worker.run(ThreadPoolExecutor.java:635)
      	at java.base/java.lang.Thread.run(Thread.java:833)
      &amp#27;[0m
    &amp#27;[36mThen &amp#27;[0m&amp#27;[36mopen url from context json&amp#27;[0m      &amp#27;[90m# ToDoStepDefinition.open_url()&amp#27;[0m
    &amp#27;[36mThen &amp#27;[0m&amp#27;[36mClose the browser&amp#27;[0m               &amp#27;[90m# ToDoStepDefinition.close_the_browser()&amp#27;[0m

  @data2
  Scenario: Open Url from json2          &amp#27;[90m# data.feature:11&amp#27;[0m
    &amp#27;[31mGiven &amp#27;[0m&amp#27;[31mI launch Session on lambdatest&amp#27;[0m &amp#27;[90m# ToDoStepDefinition.user_already_on_home_page()&amp#27;[0m
      &amp#27;[31mjava.lang.NoClassDefFoundError: Could not initialize class cucumber.deps.com.thoughtworks.xstream.converters.collections.TreeMapConverter
      	at cucumber.deps.com.thoughtworks.xstream.XStream.setupConverters(XStream.java:820)
      	at cucumber.deps.com.thoughtworks.xstream.XStream.<init>(XStream.java:574)
      	at cucumber.deps.com.thoughtworks.xstream.XStream.<init>(XStream.java:530)
      	at cucumber.runtime.xstream.LocalizedXStreams$LocalizedXStream.<init>(LocalizedXStreams.java:50)
      	at cucumber.runtime.xstream.LocalizedXStreams.newXStream(LocalizedXStreams.java:37)
      	at cucumber.runtime.xstream.LocalizedXStreams.get(LocalizedXStreams.java:29)
      	at cucumber.runtime.StepDefinitionMatch.runStep(StepDefinitionMatch.java:37)
      	at cucumber.runtime.Runtime.runStep(Runtime.java:300)
      	at cucumber.runtime.model.StepContainer.runStep(StepContainer.java:44)
      	at cucumber.runtime.model.StepContainer.runSteps(StepContainer.java:39)
      	at cucumber.runtime.model.CucumberScenario.run(CucumberScenario.java:44)
      	at cucumber.runtime.model.CucumberFeature.run(CucumberFeature.java:165)
      	at cucumber.api.testng.TestNGCucumberRunner.runCucumber(TestNGCucumberRunner.java:63)
      	at MyRunner.TestRunner.feature(TestRunner.java:36)
      	at java.base/jdk.internal.reflect.NativeMethodAccessorImpl.invoke0(Native Method)
      	at java.base/jdk.internal.reflect.NativeMethodAccessorImpl.invoke(NativeMethodAccessorImpl.java:77)
      	at java.base/jdk.internal.reflect.DelegatingMethodAccessorImpl.invoke(DelegatingMethodAccessorImpl.java:43)
      	at java.base/java.lang.reflect.Method.invoke(Method.java:568)
      	at org.testng.internal.MethodInvocationHelper.invokeMethod(MethodInvocationHelper.java:124)
      	at org.testng.internal.Invoker.invokeMethod(Invoker.java:583)
      	at org.testng.internal.Invoker.invokeTestMethod(Invoker.java:719)
      	at org.testng.internal.Invoker.invokeTestMethods(Invoker.java:989)
      	at org.testng.internal.TestMethodWorker.invokeTestMethods(TestMethodWorker.java:125)
      	at org.testng.internal.TestMethodWorker.run(TestMethodWorker.java:109)
      	at org.testng.TestRunner.privateRun(TestRunner.java:648)
      	at org.testng.TestRunner.run(TestRunner.java:505)
      	at org.testng.SuiteRunner.runTest(SuiteRunner.java:455)
      	at org.testng.SuiteRunner.access$000(SuiteRunner.java:40)
      	at org.testng.SuiteRunner$SuiteWorker.run(SuiteRunner.java:489)
      	at org.testng.internal.thread.ThreadUtil$1.call(ThreadUtil.java:52)
      	at java.base/java.util.concurrent.FutureTask.run(FutureTask.java:264)
      	at java.base/java.util.concurrent.ThreadPoolExecutor.runWorker(ThreadPoolExecutor.java:1136)
      	at java.base/java.util.concurrent.ThreadPoolExecutor$Worker.run(ThreadPoolExecutor.java:635)
      	at java.base/java.lang.Thread.run(Thread.java:833)
      	at ✽.Given I launch Session on lambdatest(data.feature:12)
      &amp#27;[0m
    &amp#27;[36mThen &amp#27;[0m&amp#27;[36mopen url from context json&amp#27;[0m      &amp#27;[90m# ToDoStepDefinition.open_url()&amp#27;[0m
    &amp#27;[36mThen &amp#27;[0m&amp#27;[36mClose the browser&amp#27;[0m               &amp#27;[90m# ToDoStepDefinition.close_the_browser()&amp#27;[0m

  @data3
  Scenario: Open Url from json3          &amp#27;[90m# data.feature:17&amp#27;[0m
    &amp#27;[31mGiven &amp#27;[0m&amp#27;[31mI launch Session on lambdatest&amp#27;[0m &amp#27;[90m# ToDoStepDefinition.user_already_on_home_page()&amp#27;[0m
      &amp#27;[31mjava.lang.NoClassDefFoundError: Could not initialize class cucumber.deps.com.thoughtworks.xstream.converters.collections.TreeMapConverter
      	at cucumber.deps.com.thoughtworks.xstream.XStream.setupConverters(XStream.java:820)
      	at cucumber.deps.com.thoughtworks.xstream.XStream.<init>(XStream.java:574)
      	at cucumber.deps.com.thoughtworks.xstream.XStream.<init>(XStream.java:530)
      	at cucumber.runtime.xstream.LocalizedXStreams$LocalizedXStream.<init>(LocalizedXStreams.java:50)
      	at cucumber.runtime.xstream.LocalizedXStreams.newXStream(LocalizedXStreams.java:37)
      	at cucumber.runtime.xstream.LocalizedXStreams.get(LocalizedXStreams.java:29)
      	at cucumber.runtime.StepDefinitionMatch.runStep(StepDefinitionMatch.java:37)
      	at cucumber.runtime.Runtime.runStep(Runtime.java:300)
      	at cucumber.runtime.model.StepContainer.runStep(StepContainer.java:44)
      	at cucumber.runtime.model.StepContainer.runSteps(StepContainer.java:39)
      	at cucumber.runtime.model.CucumberScenario.run(CucumberScenario.java:44)
      	at cucumber.runtime.model.CucumberFeature.run(CucumberFeature.java:165)
      	at cucumber.api.testng.TestNGCucumberRunner.runCucumber(TestNGCucumberRunner.java:63)
      	at MyRunner.TestRunner.feature(TestRunner.java:36)
      	at java.base/jdk.internal.reflect.NativeMethodAccessorImpl.invoke0(Native Method)
      	at java.base/jdk.internal.reflect.NativeMethodAccessorImpl.invoke(NativeMethodAccessorImpl.java:77)
      	at java.base/jdk.internal.reflect.DelegatingMethodAccessorImpl.invoke(DelegatingMethodAccessorImpl.java:43)
      	at java.base/java.lang.reflect.Method.invoke(Method.java:568)
      	at org.testng.internal.MethodInvocationHelper.invokeMethod(MethodInvocationHelper.java:124)
      	at org.testng.internal.Invoker.invokeMethod(Invoker.java:583)
      	at org.testng.internal.Invoker.invokeTestMethod(Invoker.java:719)
      	at org.testng.internal.Invoker.invokeTestMethods(Invoker.java:989)
      	at org.testng.internal.TestMethodWorker.invokeTestMethods(TestMethodWorker.java:125)
      	at org.testng.internal.TestMethodWorker.run(TestMethodWorker.java:109)
      	at org.testng.TestRunner.privateRun(TestRunner.java:648)
      	at org.testng.TestRunner.run(TestRunner.java:505)
      	at org.testng.SuiteRunner.runTest(SuiteRunner.java:455)
      	at org.testng.SuiteRunner.access$000(SuiteRunner.java:40)
      	at org.testng.SuiteRunner$SuiteWorker.run(SuiteRunner.java:489)
      	at org.testng.internal.thread.ThreadUtil$1.call(ThreadUtil.java:52)
      	at java.base/java.util.concurrent.FutureTask.run(FutureTask.java:264)
      	at java.base/java.util.concurrent.ThreadPoolExecutor.runWorker(ThreadPoolExecutor.java:1136)
      	at java.base/java.util.concurrent.ThreadPoolExecutor$Worker.run(ThreadPoolExecutor.java:635)
      	at java.base/java.lang.Thread.run(Thread.java:833)
      	at ✽.Given I launch Session on lambdatest(data.feature:18)
      &amp#27;[0m
    &amp#27;[36mThen &amp#27;[0m&amp#27;[36mopen url from context json&amp#27;[0m      &amp#27;[90m# ToDoStepDefinition.open_url()&amp#27;[0m
    &amp#27;[36mThen &amp#27;[0m&amp#27;[36mClose the browser&amp#27;[0m               &amp#27;[90m# ToDoStepDefinition.close_the_browser()&amp#27;[0m

  @data4
  Scenario: Open Url from json4          &amp#27;[90m# data.feature:23&amp#27;[0m
    &amp#27;[31mGiven &amp#27;[0m&amp#27;[31mI launch Session on lambdatest&amp#27;[0m &amp#27;[90m# ToDoStepDefinition.user_already_on_home_page()&amp#27;[0m
      &amp#27;[31mjava.lang.NoClassDefFoundError: Could not initialize class cucumber.deps.com.thoughtworks.xstream.converters.collections.TreeMapConverter
      	at cucumber.deps.com.thoughtworks.xstream.XStream.setupConverters(XStream.java:820)
      	at cucumber.deps.com.thoughtworks.xstream.XStream.<init>(XStream.java:574)
      	at cucumber.deps.com.thoughtworks.xstream.XStream.<init>(XStream.java:530)
      	at cucumber.runtime.xstream.LocalizedXStreams$LocalizedXStream.<init>(LocalizedXStreams.java:50)
      	at cucumber.runtime.xstream.LocalizedXStreams.newXStream(LocalizedXStreams.java:37)
      	at cucumber.runtime.xstream.LocalizedXStreams.get(LocalizedXStreams.java:29)
      	at cucumber.runtime.StepDefinitionMatch.runStep(StepDefinitionMatch.java:37)
      	at cucumber.runtime.Runtime.runStep(Runtime.java:300)
      	at cucumber.runtime.model.StepContainer.runStep(StepContainer.java:44)
      	at cucumber.runtime.model.StepContainer.runSteps(StepContainer.java:39)
      	at cucumber.runtime.model.CucumberScenario.run(CucumberScenario.java:44)
      	at cucumber.runtime.model.CucumberFeature.run(CucumberFeature.java:165)
      	at cucumber.api.testng.TestNGCucumberRunner.runCucumber(TestNGCucumberRunner.java:63)
      	at MyRunner.TestRunner.feature(TestRunner.java:36)
      	at java.base/jdk.internal.reflect.NativeMethodAccessorImpl.invoke0(Native Method)
      	at java.base/jdk.internal.reflect.NativeMethodAccessorImpl.invoke(NativeMethodAccessorImpl.java:77)
      	at java.base/jdk.internal.reflect.DelegatingMethodAccessorImpl.invoke(DelegatingMethodAccessorImpl.java:43)
      	at java.base/java.lang.reflect.Method.invoke(Method.java:568)
      	at org.testng.internal.MethodInvocationHelper.invokeMethod(MethodInvocationHelper.java:124)
      	at org.testng.internal.Invoker.invokeMethod(Invoker.java:583)
      	at org.testng.internal.Invoker.invokeTestMethod(Invoker.java:719)
      	at org.testng.internal.Invoker.invokeTestMethods(Invoker.java:989)
      	at org.testng.internal.TestMethodWorker.invokeTestMethods(TestMethodWorker.java:125)
      	at org.testng.internal.TestMethodWorker.run(TestMethodWorker.java:109)
      	at org.testng.TestRunner.privateRun(TestRunner.java:648)
      	at org.testng.TestRunner.run(TestRunner.java:505)
      	at org.testng.SuiteRunner.runTest(SuiteRunner.java:455)
      	at org.testng.SuiteRunner.access$000(SuiteRunner.java:40)
      	at org.testng.SuiteRunner$SuiteWorker.run(SuiteRunner.java:489)
      	at org.testng.internal.thread.ThreadUtil$1.call(ThreadUtil.java:52)
      	at java.base/java.util.concurrent.FutureTask.run(FutureTask.java:264)
      	at java.base/java.util.concurrent.ThreadPoolExecutor.runWorker(ThreadPoolExecutor.java:1136)
      	at java.base/java.util.concurrent.ThreadPoolExecutor$Worker.run(ThreadPoolExecutor.java:635)
      	at java.base/java.lang.Thread.run(Thread.java:833)
      	at ✽.Given I launch Session on lambdatest(data.feature:24)
      &amp#27;[0m
    &amp#27;[36mThen &amp#27;[0m&amp#27;[36mopen url from context json&amp#27;[0m      &amp#27;[90m# ToDoStepDefinition.open_url()&amp#27;[0m
    &amp#27;[36mThen &amp#27;[0m&amp#27;[36mClose the browser&amp#27;[0m               &amp#27;[90m# ToDoStepDefinition.close_the_browser()&amp#27;[0m

  @data5
  Scenario: Open Url from json5          &amp#27;[90m# data.feature:29&amp#27;[0m
    &amp#27;[31mGiven &amp#27;[0m&amp#27;[31mI launch Session on lambdatest&amp#27;[0m &amp#27;[90m# ToDoStepDefinition.user_already_on_home_page()&amp#27;[0m
      &amp#27;[31mjava.lang.NoClassDefFoundError: Could not initialize class cucumber.deps.com.thoughtworks.xstream.converters.collections.TreeMapConverter
      	at cucumber.deps.com.thoughtworks.xstream.XStream.setupConverters(XStream.java:820)
      	at cucumber.deps.com.thoughtworks.xstream.XStream.<init>(XStream.java:574)
      	at cucumber.deps.com.thoughtworks.xstream.XStream.<init>(XStream.java:530)
      	at cucumber.runtime.xstream.LocalizedXStreams$LocalizedXStream.<init>(LocalizedXStreams.java:50)
      	at cucumber.runtime.xstream.LocalizedXStreams.newXStream(LocalizedXStreams.java:37)
      	at cucumber.runtime.xstream.LocalizedXStreams.get(LocalizedXStreams.java:29)
      	at cucumber.runtime.StepDefinitionMatch.runStep(StepDefinitionMatch.java:37)
      	at cucumber.runtime.Runtime.runStep(Runtime.java:300)
      	at cucumber.runtime.model.StepContainer.runStep(StepContainer.java:44)
      	at cucumber.runtime.model.StepContainer.runSteps(StepContainer.java:39)
      	at cucumber.runtime.model.CucumberScenario.run(CucumberScenario.java:44)
      	at cucumber.runtime.model.CucumberFeature.run(CucumberFeature.java:165)
      	at cucumber.api.testng.TestNGCucumberRunner.runCucumber(TestNGCucumberRunner.java:63)
      	at MyRunner.TestRunner.feature(TestRunner.java:36)
      	at java.base/jdk.internal.reflect.NativeMethodAccessorImpl.invoke0(Native Method)
      	at java.base/jdk.internal.reflect.NativeMethodAccessorImpl.invoke(NativeMethodAccessorImpl.java:77)
      	at java.base/jdk.internal.reflect.DelegatingMethodAccessorImpl.invoke(DelegatingMethodAccessorImpl.java:43)
      	at java.base/java.lang.reflect.Method.invoke(Method.java:568)
      	at org.testng.internal.MethodInvocationHelper.invokeMethod(MethodInvocationHelper.java:124)
      	at org.testng.internal.Invoker.invokeMethod(Invoker.java:583)
      	at org.testng.internal.Invoker.invokeTestMethod(Invoker.java:719)
      	at org.testng.internal.Invoker.invokeTestMethods(Invoker.java:989)
      	at org.testng.internal.TestMethodWorker.invokeTestMethods(TestMethodWorker.java:125)
      	at org.testng.internal.TestMethodWorker.run(TestMethodWorker.java:109)
      	at org.testng.TestRunner.privateRun(TestRunner.java:648)
      	at org.testng.TestRunner.run(TestRunner.java:505)
      	at org.testng.SuiteRunner.runTest(SuiteRunner.java:455)
      	at org.testng.SuiteRunner.access$000(SuiteRunner.java:40)
      	at org.testng.SuiteRunner$SuiteWorker.run(SuiteRunner.java:489)
      	at org.testng.internal.thread.ThreadUtil$1.call(ThreadUtil.java:52)
      	at java.base/java.util.concurrent.FutureTask.run(FutureTask.java:264)
      	at java.base/java.util.concurrent.ThreadPoolExecutor.runWorker(ThreadPoolExecutor.java:1136)
      	at java.base/java.util.concurrent.ThreadPoolExecutor$Worker.run(ThreadPoolExecutor.java:635)
      	at java.base/java.lang.Thread.run(Thread.java:833)
      	at ✽.Given I launch Session on lambdatest(data.feature:30)
      &amp#27;[0m
    &amp#27;[36mThen &amp#27;[0m&amp#27;[36mopen url from context json&amp#27;[0m      &amp#27;[90m# ToDoStepDefinition.open_url()&amp#27;[0m
    &amp#27;[36mThen &amp#27;[0m&amp#27;[36mClose the browser&amp#27;[0m               &amp#27;[90m# ToDoStepDefinition.close_the_browser()&amp#27;[0m
]]></system-out>
  </testcase>
  <testcase name="feature" classname="MyRunner.TestRunner" time="0.029">
    <failure message="java.lang.NoClassDefFoundError: Could not initialize class cucumber.deps.com.thoughtworks.xstream.converters.collections.TreeMapConverter" type="cucumber.runtime.CucumberException">cucumber.runtime.CucumberException: java.lang.NoClassDefFoundError: Could not initialize class cucumber.deps.com.thoughtworks.xstream.converters.collections.TreeMapConverter
	at MyRunner.TestRunner.feature(TestRunner.java:36)
Caused by: java.lang.NoClassDefFoundError: Could not initialize class cucumber.deps.com.thoughtworks.xstream.converters.collections.TreeMapConverter
	at MyRunner.TestRunner.feature(TestRunner.java:36)
</failure>
    <system-out><![CDATA[Feature: Check addition in Google calculator
   In order to verify that google calculator work correctly
   As a user of google
   I should be able to get correct addition result

  @Addition @me
  Scenario: Addition                     &amp#27;[90m# googlesearch_1.feature:8&amp#27;[0m
    &amp#27;[31mGiven &amp#27;[0m&amp#27;[31mI launch Session on lambdatest&amp#27;[0m &amp#27;[90m# ToDoStepDefinition.user_already_on_home_page()&amp#27;[0m
      &amp#27;[31mjava.lang.NoClassDefFoundError: Could not initialize class cucumber.deps.com.thoughtworks.xstream.converters.collections.TreeMapConverter
      	at cucumber.deps.com.thoughtworks.xstream.XStream.setupConverters(XStream.java:820)
      	at cucumber.deps.com.thoughtworks.xstream.XStream.<init>(XStream.java:574)
      	at cucumber.deps.com.thoughtworks.xstream.XStream.<init>(XStream.java:530)
      	at cucumber.runtime.xstream.LocalizedXStreams$LocalizedXStream.<init>(LocalizedXStreams.java:50)
      	at cucumber.runtime.xstream.LocalizedXStreams.newXStream(LocalizedXStreams.java:37)
      	at cucumber.runtime.xstream.LocalizedXStreams.get(LocalizedXStreams.java:29)
      	at cucumber.runtime.StepDefinitionMatch.runStep(StepDefinitionMatch.java:37)
      	at cucumber.runtime.Runtime.runStep(Runtime.java:300)
      	at cucumber.runtime.model.StepContainer.runStep(StepContainer.java:44)
      	at cucumber.runtime.model.StepContainer.runSteps(StepContainer.java:39)
      	at cucumber.runtime.model.CucumberScenario.run(CucumberScenario.java:44)
      	at cucumber.runtime.model.CucumberFeature.run(CucumberFeature.java:165)
      	at cucumber.api.testng.TestNGCucumberRunner.runCucumber(TestNGCucumberRunner.java:63)
      	at MyRunner.TestRunner.feature(TestRunner.java:36)
      	at java.base/jdk.internal.reflect.NativeMethodAccessorImpl.invoke0(Native Method)
      	at java.base/jdk.internal.reflect.NativeMethodAccessorImpl.invoke(NativeMethodAccessorImpl.java:77)
      	at java.base/jdk.internal.reflect.DelegatingMethodAccessorImpl.invoke(DelegatingMethodAccessorImpl.java:43)
      	at java.base/java.lang.reflect.Method.invoke(Method.java:568)
      	at org.testng.internal.MethodInvocationHelper.invokeMethod(MethodInvocationHelper.java:124)
      	at org.testng.internal.Invoker.invokeMethod(Invoker.java:583)
      	at org.testng.internal.Invoker.invokeTestMethod(Invoker.java:719)
      	at org.testng.internal.Invoker.invokeTestMethods(Invoker.java:989)
      	at org.testng.internal.TestMethodWorker.invokeTestMethods(TestMethodWorker.java:125)
      	at org.testng.internal.TestMethodWorker.run(TestMethodWorker.java:109)
      	at org.testng.TestRunner.privateRun(TestRunner.java:648)
      	at org.testng.TestRunner.run(TestRunner.java:505)
      	at org.testng.SuiteRunner.runTest(SuiteRunner.java:455)
      	at org.testng.SuiteRunner.access$000(SuiteRunner.java:40)
      	at org.testng.SuiteRunner$SuiteWorker.run(SuiteRunner.java:489)
      	at org.testng.internal.thread.ThreadUtil$1.call(ThreadUtil.java:52)
      	at java.base/java.util.concurrent.FutureTask.run(FutureTask.java:264)
      	at java.base/java.util.concurrent.ThreadPoolExecutor.runWorker(ThreadPoolExecutor.java:1136)
      	at java.base/java.util.concurrent.ThreadPoolExecutor$Worker.run(ThreadPoolExecutor.java:635)
      	at java.base/java.lang.Thread.run(Thread.java:833)
      	at ✽.Given I launch Session on lambdatest(googlesearch_1.feature:9)
      &amp#27;[0m
    &amp#27;[36mThen &amp#27;[0m&amp#27;[36mI open google&amp#27;[0m                   &amp#27;[90m# ToDoStepDefinition.I_open_google()&amp#27;[0m
    &amp#27;[36mWhen &amp#27;[0m&amp#27;[36mI enter "&amp#27;[0m&amp#27;[36m&amp#27;[1m2+2&amp#27;[0m&amp#27;[36m" in search textbox&amp#27;[0m &amp#27;[90m# ToDoStepDefinition.I_enter_in_search_textbox(String)&amp#27;[0m
    &amp#27;[36mThen &amp#27;[0m&amp#27;[36mI should get result as "&amp#27;[0m&amp#27;[36m&amp#27;[1m4&amp#27;[0m&amp#27;[36m"&amp#27;[0m      &amp#27;[90m# ToDoStepDefinition.I_should_get_correct_result(String)&amp#27;[0m
    &amp#27;[36mThen &amp#27;[0m&amp#27;[36mClose the browser&amp#27;[0m               &amp#27;[90m# ToDoStepDefinition.close_the_browser()&amp#27;[0m

  @Subtraction
  Scenario: Subtraction                                    &amp#27;[90m# googlesearch_1.feature:16&amp#27;[0m
    &amp#27;[31mGiven &amp#27;[0m&amp#27;[31mI launch Session on lambdatest&amp#27;[0m                   &amp#27;[90m# ToDoStepDefinition.user_already_on_home_page()&amp#27;[0m
      &amp#27;[31mjava.lang.NoClassDefFoundError: Could not initialize class cucumber.deps.com.thoughtworks.xstream.converters.collections.TreeMapConverter
      	at cucumber.deps.com.thoughtworks.xstream.XStream.setupConverters(XStream.java:820)
      	at cucumber.deps.com.thoughtworks.xstream.XStream.<init>(XStream.java:574)
      	at cucumber.deps.com.thoughtworks.xstream.XStream.<init>(XStream.java:530)
      	at cucumber.runtime.xstream.LocalizedXStreams$LocalizedXStream.<init>(LocalizedXStreams.java:50)
      	at cucumber.runtime.xstream.LocalizedXStreams.newXStream(LocalizedXStreams.java:37)
      	at cucumber.runtime.xstream.LocalizedXStreams.get(LocalizedXStreams.java:29)
      	at cucumber.runtime.StepDefinitionMatch.runStep(StepDefinitionMatch.java:37)
      	at cucumber.runtime.Runtime.runStep(Runtime.java:300)
      	at cucumber.runtime.model.StepContainer.runStep(StepContainer.java:44)
      	at cucumber.runtime.model.StepContainer.runSteps(StepContainer.java:39)
      	at cucumber.runtime.model.CucumberScenario.run(CucumberScenario.java:44)
      	at cucumber.runtime.model.CucumberFeature.run(CucumberFeature.java:165)
      	at cucumber.api.testng.TestNGCucumberRunner.runCucumber(TestNGCucumberRunner.java:63)
      	at MyRunner.TestRunner.feature(TestRunner.java:36)
      	at java.base/jdk.internal.reflect.NativeMethodAccessorImpl.invoke0(Native Method)
      	at java.base/jdk.internal.reflect.NativeMethodAccessorImpl.invoke(NativeMethodAccessorImpl.java:77)
      	at java.base/jdk.internal.reflect.DelegatingMethodAccessorImpl.invoke(DelegatingMethodAccessorImpl.java:43)
      	at java.base/java.lang.reflect.Method.invoke(Method.java:568)
      	at org.testng.internal.MethodInvocationHelper.invokeMethod(MethodInvocationHelper.java:124)
      	at org.testng.internal.Invoker.invokeMethod(Invoker.java:583)
      	at org.testng.internal.Invoker.invokeTestMethod(Invoker.java:719)
      	at org.testng.internal.Invoker.invokeTestMethods(Invoker.java:989)
      	at org.testng.internal.TestMethodWorker.invokeTestMethods(TestMethodWorker.java:125)
      	at org.testng.internal.TestMethodWorker.run(TestMethodWorker.java:109)
      	at org.testng.TestRunner.privateRun(TestRunner.java:648)
      	at org.testng.TestRunner.run(TestRunner.java:505)
      	at org.testng.SuiteRunner.runTest(SuiteRunner.java:455)
      	at org.testng.SuiteRunner.access$000(SuiteRunner.java:40)
      	at org.testng.SuiteRunner$SuiteWorker.run(SuiteRunner.java:489)
      	at org.testng.internal.thread.ThreadUtil$1.call(ThreadUtil.java:52)
      	at java.base/java.util.concurrent.FutureTask.run(FutureTask.java:264)
      	at java.base/java.util.concurrent.ThreadPoolExecutor.runWorker(ThreadPoolExecutor.java:1136)
      	at java.base/java.util.concurrent.ThreadPoolExecutor$Worker.run(ThreadPoolExecutor.java:635)
      	at java.base/java.lang.Thread.run(Thread.java:833)
      	at ✽.Given I launch Session on lambdatest(googlesearch_1.feature:17)
      &amp#27;[0m
    &amp#27;[36mThen &amp#27;[0m&amp#27;[36mI open google&amp#27;[0m                                     &amp#27;[90m# ToDoStepDefinition.I_open_google()&amp#27;[0m
    &amp#27;[36mWhen &amp#27;[0m&amp#27;[36mI enter "&amp#27;[0m&amp#27;[36m&amp#27;[1m5-2&amp#27;[0m&amp#27;[36m" in search textbox&amp#27;[0m                   &amp#27;[90m# ToDoStepDefinition.I_enter_in_search_textbox(String)&amp#27;[0m
    &amp#27;[36mThen &amp#27;[0m&amp#27;[36mI should get result as "&amp#27;[0m&amp#27;[36m&amp#27;[1m3&amp#27;[0m&amp#27;[36m"&amp#27;[0m                        &amp#27;[90m# ToDoStepDefinition.I_should_get_correct_result(String)&amp#27;[0m
    &amp#27;[36mThen &amp#27;[0m&amp#27;[36mI should get internet speed and sample todo check&amp#27;[0m &amp#27;[90m# ToDoStepDefinition.I_should_get_Internet_speed()&amp#27;[0m
    &amp#27;[36mThen &amp#27;[0m&amp#27;[36mClose the browser&amp#27;[0m                                 &amp#27;[90m# ToDoStepDefinition.close_the_browser()&amp#27;[0m

  @Multiplication
  Scenario: Multiplication                                 &amp#27;[90m# googlesearch_1.feature:25&amp#27;[0m
    &amp#27;[31mGiven &amp#27;[0m&amp#27;[31mI launch Session on lambdatest&amp#27;[0m                   &amp#27;[90m# ToDoStepDefinition.user_already_on_home_page()&amp#27;[0m
      &amp#27;[31mjava.lang.NoClassDefFoundError: Could not initialize class cucumber.deps.com.thoughtworks.xstream.converters.collections.TreeMapConverter
      	at cucumber.deps.com.thoughtworks.xstream.XStream.setupConverters(XStream.java:820)
      	at cucumber.deps.com.thoughtworks.xstream.XStream.<init>(XStream.java:574)
      	at cucumber.deps.com.thoughtworks.xstream.XStream.<init>(XStream.java:530)
      	at cucumber.runtime.xstream.LocalizedXStreams$LocalizedXStream.<init>(LocalizedXStreams.java:50)
      	at cucumber.runtime.xstream.LocalizedXStreams.newXStream(LocalizedXStreams.java:37)
      	at cucumber.runtime.xstream.LocalizedXStreams.get(LocalizedXStreams.java:29)
      	at cucumber.runtime.StepDefinitionMatch.runStep(StepDefinitionMatch.java:37)
      	at cucumber.runtime.Runtime.runStep(Runtime.java:300)
      	at cucumber.runtime.model.StepContainer.runStep(StepContainer.java:44)
      	at cucumber.runtime.model.StepContainer.runSteps(StepContainer.java:39)
      	at cucumber.runtime.model.CucumberScenario.run(CucumberScenario.java:44)
      	at cucumber.runtime.model.CucumberFeature.run(CucumberFeature.java:165)
      	at cucumber.api.testng.TestNGCucumberRunner.runCucumber(TestNGCucumberRunner.java:63)
      	at MyRunner.TestRunner.feature(TestRunner.java:36)
      	at java.base/jdk.internal.reflect.NativeMethodAccessorImpl.invoke0(Native Method)
      	at java.base/jdk.internal.reflect.NativeMethodAccessorImpl.invoke(NativeMethodAccessorImpl.java:77)
      	at java.base/jdk.internal.reflect.DelegatingMethodAccessorImpl.invoke(DelegatingMethodAccessorImpl.java:43)
      	at java.base/java.lang.reflect.Method.invoke(Method.java:568)
      	at org.testng.internal.MethodInvocationHelper.invokeMethod(MethodInvocationHelper.java:124)
      	at org.testng.internal.Invoker.invokeMethod(Invoker.java:583)
      	at org.testng.internal.Invoker.invokeTestMethod(Invoker.java:719)
      	at org.testng.internal.Invoker.invokeTestMethods(Invoker.java:989)
      	at org.testng.internal.TestMethodWorker.invokeTestMethods(TestMethodWorker.java:125)
      	at org.testng.internal.TestMethodWorker.run(TestMethodWorker.java:109)
      	at org.testng.TestRunner.privateRun(TestRunner.java:648)
      	at org.testng.TestRunner.run(TestRunner.java:505)
      	at org.testng.SuiteRunner.runTest(SuiteRunner.java:455)
      	at org.testng.SuiteRunner.access$000(SuiteRunner.java:40)
      	at org.testng.SuiteRunner$SuiteWorker.run(SuiteRunner.java:489)
      	at org.testng.internal.thread.ThreadUtil$1.call(ThreadUtil.java:52)
      	at java.base/java.util.concurrent.FutureTask.run(FutureTask.java:264)
      	at java.base/java.util.concurrent.ThreadPoolExecutor.runWorker(ThreadPoolExecutor.java:1136)
      	at java.base/java.util.concurrent.ThreadPoolExecutor$Worker.run(ThreadPoolExecutor.java:635)
      	at java.base/java.lang.Thread.run(Thread.java:833)
      	at ✽.Given I launch Session on lambdatest(googlesearch_1.feature:26)
      &amp#27;[0m
    &amp#27;[36mThen &amp#27;[0m&amp#27;[36mI open google&amp#27;[0m                                     &amp#27;[90m# ToDoStepDefinition.I_open_google()&amp#27;[0m
    &amp#27;[36mWhen &amp#27;[0m&amp#27;[36mI enter "&amp#27;[0m&amp#27;[36m&amp#27;[1m2*2&amp#27;[0m&amp#27;[36m" in search textbox&amp#27;[0m                   &amp#27;[90m# ToDoStepDefinition.I_enter_in_search_textbox(String)&amp#27;[0m
    &amp#27;[36mThen &amp#27;[0m&amp#27;[36mI should get result as "&amp#27;[0m&amp#27;[36m&amp#27;[1m4&amp#27;[0m&amp#27;[36m"&amp#27;[0m                        &amp#27;[90m# ToDoStepDefinition.I_should_get_correct_result(String)&amp#27;[0m
    &amp#27;[36mThen &amp#27;[0m&amp#27;[36mI should get internet speed and sample todo check&amp#27;[0m &amp#27;[90m# ToDoStepDefinition.I_should_get_Internet_speed()&amp#27;[0m
    &amp#27;[36mThen &amp#27;[0m&amp#27;[36mClose the browser&amp#27;[0m                                 &amp#27;[90m# ToDoStepDefinition.close_the_browser()&amp#27;[0m

  @Division
  Scenario: Division                                       &amp#27;[90m# googlesearch_1.feature:34&amp#27;[0m
    &amp#27;[31mGiven &amp#27;[0m&amp#27;[31mI launch Session on lambdatest&amp#27;[0m                   &amp#27;[90m# ToDoStepDefinition.user_already_on_home_page()&amp#27;[0m
      &amp#27;[31mjava.lang.NoClassDefFoundError: Could not initialize class cucumber.deps.com.thoughtworks.xstream.converters.collections.TreeMapConverter
      	at cucumber.deps.com.thoughtworks.xstream.XStream.setupConverters(XStream.java:820)
      	at cucumber.deps.com.thoughtworks.xstream.XStream.<init>(XStream.java:574)
      	at cucumber.deps.com.thoughtworks.xstream.XStream.<init>(XStream.java:530)
      	at cucumber.runtime.xstream.LocalizedXStreams$LocalizedXStream.<init>(LocalizedXStreams.java:50)
      	at cucumber.runtime.xstream.LocalizedXStreams.newXStream(LocalizedXStreams.java:37)
      	at cucumber.runtime.xstream.LocalizedXStreams.get(LocalizedXStreams.java:29)
      	at cucumber.runtime.StepDefinitionMatch.runStep(StepDefinitionMatch.java:37)
      	at cucumber.runtime.Runtime.runStep(Runtime.java:300)
      	at cucumber.runtime.model.StepContainer.runStep(StepContainer.java:44)
      	at cucumber.runtime.model.StepContainer.runSteps(StepContainer.java:39)
      	at cucumber.runtime.model.CucumberScenario.run(CucumberScenario.java:44)
      	at cucumber.runtime.model.CucumberFeature.run(CucumberFeature.java:165)
      	at cucumber.api.testng.TestNGCucumberRunner.runCucumber(TestNGCucumberRunner.java:63)
      	at MyRunner.TestRunner.feature(TestRunner.java:36)
      	at java.base/jdk.internal.reflect.NativeMethodAccessorImpl.invoke0(Native Method)
      	at java.base/jdk.internal.reflect.NativeMethodAccessorImpl.invoke(NativeMethodAccessorImpl.java:77)
      	at java.base/jdk.internal.reflect.DelegatingMethodAccessorImpl.invoke(DelegatingMethodAccessorImpl.java:43)
      	at java.base/java.lang.reflect.Method.invoke(Method.java:568)
      	at org.testng.internal.MethodInvocationHelper.invokeMethod(MethodInvocationHelper.java:124)
      	at org.testng.internal.Invoker.invokeMethod(Invoker.java:583)
      	at org.testng.internal.Invoker.invokeTestMethod(Invoker.java:719)
      	at org.testng.internal.Invoker.invokeTestMethods(Invoker.java:989)
      	at org.testng.internal.TestMethodWorker.invokeTestMethods(TestMethodWorker.java:125)
      	at org.testng.internal.TestMethodWorker.run(TestMethodWorker.java:109)
      	at org.testng.TestRunner.privateRun(TestRunner.java:648)
      	at org.testng.TestRunner.run(TestRunner.java:505)
      	at org.testng.SuiteRunner.runTest(SuiteRunner.java:455)
      	at org.testng.SuiteRunner.access$000(SuiteRunner.java:40)
      	at org.testng.SuiteRunner$SuiteWorker.run(SuiteRunner.java:489)
      	at org.testng.internal.thread.ThreadUtil$1.call(ThreadUtil.java:52)
      	at java.base/java.util.concurrent.FutureTask.run(FutureTask.java:264)
      	at java.base/java.util.concurrent.ThreadPoolExecutor.runWorker(ThreadPoolExecutor.java:1136)
      	at java.base/java.util.concurrent.ThreadPoolExecutor$Worker.run(ThreadPoolExecutor.java:635)
      	at java.base/java.lang.Thread.run(Thread.java:833)
      	at ✽.Given I launch Session on lambdatest(googlesearch_1.feature:35)
      &amp#27;[0m
    &amp#27;[36mThen &amp#27;[0m&amp#27;[36mI open google&amp#27;[0m                                     &amp#27;[90m# ToDoStepDefinition.I_open_google()&amp#27;[0m
    &amp#27;[36mWhen &amp#27;[0m&amp#27;[36mI enter "&amp#27;[0m&amp#27;[36m&amp#27;[1m8/2&amp#27;[0m&amp#27;[36m" in search textbox&amp#27;[0m                   &amp#27;[90m# ToDoStepDefinition.I_enter_in_search_textbox(String)&amp#27;[0m
    &amp#27;[36mThen &amp#27;[0m&amp#27;[36mI should get result as "&amp#27;[0m&amp#27;[36m&amp#27;[1m4&amp#27;[0m&amp#27;[36m"&amp#27;[0m                        &amp#27;[90m# ToDoStepDefinition.I_should_get_correct_result(String)&amp#27;[0m
    &amp#27;[36mThen &amp#27;[0m&amp#27;[36mI should get internet speed and sample todo check&amp#27;[0m &amp#27;[90m# ToDoStepDefinition.I_should_get_Internet_speed()&amp#27;[0m
    &amp#27;[36mThen &amp#27;[0m&amp#27;[36mClose the browser&amp#27;[0m                                 &amp#27;[90m# ToDoStepDefinition.close_the_browser()&amp#27;[0m

  @Modulus
  Scenario: Modulus                                        &amp#27;[90m# googlesearch_1.feature:43&amp#27;[0m
    &amp#27;[31mGiven &amp#27;[0m&amp#27;[31mI launch Session on lambdatest&amp#27;[0m                   &amp#27;[90m# ToDoStepDefinition.user_already_on_home_page()&amp#27;[0m
      &amp#27;[31mjava.lang.NoClassDefFoundError: Could not initialize class cucumber.deps.com.thoughtworks.xstream.converters.collections.TreeMapConverter
      	at cucumber.deps.com.thoughtworks.xstream.XStream.setupConverters(XStream.java:820)
      	at cucumber.deps.com.thoughtworks.xstream.XStream.<init>(XStream.java:574)
      	at cucumber.deps.com.thoughtworks.xstream.XStream.<init>(XStream.java:530)
      	at cucumber.runtime.xstream.LocalizedXStreams$LocalizedXStream.<init>(LocalizedXStreams.java:50)
      	at cucumber.runtime.xstream.LocalizedXStreams.newXStream(LocalizedXStreams.java:37)
      	at cucumber.runtime.xstream.LocalizedXStreams.get(LocalizedXStreams.java:29)
      	at cucumber.runtime.StepDefinitionMatch.runStep(StepDefinitionMatch.java:37)
      	at cucumber.runtime.Runtime.runStep(Runtime.java:300)
      	at cucumber.runtime.model.StepContainer.runStep(StepContainer.java:44)
      	at cucumber.runtime.model.StepContainer.runSteps(StepContainer.java:39)
      	at cucumber.runtime.model.CucumberScenario.run(CucumberScenario.java:44)
      	at cucumber.runtime.model.CucumberFeature.run(CucumberFeature.java:165)
      	at cucumber.api.testng.TestNGCucumberRunner.runCucumber(TestNGCucumberRunner.java:63)
      	at MyRunner.TestRunner.feature(TestRunner.java:36)
      	at java.base/jdk.internal.reflect.NativeMethodAccessorImpl.invoke0(Native Method)
      	at java.base/jdk.internal.reflect.NativeMethodAccessorImpl.invoke(NativeMethodAccessorImpl.java:77)
      	at java.base/jdk.internal.reflect.DelegatingMethodAccessorImpl.invoke(DelegatingMethodAccessorImpl.java:43)
      	at java.base/java.lang.reflect.Method.invoke(Method.java:568)
      	at org.testng.internal.MethodInvocationHelper.invokeMethod(MethodInvocationHelper.java:124)
      	at org.testng.internal.Invoker.invokeMethod(Invoker.java:583)
      	at org.testng.internal.Invoker.invokeTestMethod(Invoker.java:719)
      	at org.testng.internal.Invoker.invokeTestMethods(Invoker.java:989)
      	at org.testng.internal.TestMethodWorker.invokeTestMethods(TestMethodWorker.java:125)
      	at org.testng.internal.TestMethodWorker.run(TestMethodWorker.java:109)
      	at org.testng.TestRunner.privateRun(TestRunner.java:648)
      	at org.testng.TestRunner.run(TestRunner.java:505)
      	at org.testng.SuiteRunner.runTest(SuiteRunner.java:455)
      	at org.testng.SuiteRunner.access$000(SuiteRunner.java:40)
      	at org.testng.SuiteRunner$SuiteWorker.run(SuiteRunner.java:489)
      	at org.testng.internal.thread.ThreadUtil$1.call(ThreadUtil.java:52)
      	at java.base/java.util.concurrent.FutureTask.run(FutureTask.java:264)
      	at java.base/java.util.concurrent.ThreadPoolExecutor.runWorker(ThreadPoolExecutor.java:1136)
      	at java.base/java.util.concurrent.ThreadPoolExecutor$Worker.run(ThreadPoolExecutor.java:635)
      	at java.base/java.lang.Thread.run(Thread.java:833)
      	at ✽.Given I launch Session on lambdatest(googlesearch_1.feature:44)
      &amp#27;[0m
    &amp#27;[36mThen &amp#27;[0m&amp#27;[36mI open google&amp#27;[0m                                     &amp#27;[90m# ToDoStepDefinition.I_open_google()&amp#27;[0m
    &amp#27;[36mWhen &amp#27;[0m&amp#27;[36mI enter "&amp#27;[0m&amp#27;[36m&amp#27;[1m9%2&amp#27;[0m&amp#27;[36m" in search textbox&amp#27;[0m                   &amp#27;[90m# ToDoStepDefinition.I_enter_in_search_textbox(String)&amp#27;[0m
    &amp#27;[36mThen &amp#27;[0m&amp#27;[36mI should get result as "&amp#27;[0m&amp#27;[36m&amp#27;[1m1&amp#27;[0m&amp#27;[36m"&amp#27;[0m                        &amp#27;[90m# ToDoStepDefinition.I_should_get_correct_result(String)&amp#27;[0m
    &amp#27;[36mThen &amp#27;[0m&amp#27;[36mI should get internet speed and sample todo check&amp#27;[0m &amp#27;[90m# ToDoStepDefinition.I_should_get_Internet_speed()&amp#27;[0m
    &amp#27;[36mThen &amp#27;[0m&amp#27;[36mClose the browser&amp#27;[0m                                 &amp#27;[90m# ToDoStepDefinition.close_the_browser()&amp#27;[0m
]]></system-out>
  </testcase>
  <testcase name="feature" classname="MyRunner.TestRunner" time="0.025">
    <failure message="java.lang.NoClassDefFoundError: Could not initialize class cucumber.deps.com.thoughtworks.xstream.converters.collections.TreeMapConverter" type="cucumber.runtime.CucumberException">cucumber.runtime.CucumberException: java.lang.NoClassDefFoundError: Could not initialize class cucumber.deps.com.thoughtworks.xstream.converters.collections.TreeMapConverter
	at MyRunner.TestRunner.feature(TestRunner.java:36)
Caused by: java.lang.NoClassDefFoundError: Could not initialize class cucumber.deps.com.thoughtworks.xstream.converters.collections.TreeMapConverter
	at MyRunner.TestRunner.feature(TestRunner.java:36)
</failure>
    <system-out><![CDATA[@feature3
Feature: Check addition in Google calculator
   In order to verify that google calculator work correctly
   As a user of google
   I should be able to get correct addition result

  @Addition
  Scenario: Addition                                       &amp#27;[90m# googlesearch_2.feature:8&amp#27;[0m
    &amp#27;[31mGiven &amp#27;[0m&amp#27;[31mI launch Session on lambdatest&amp#27;[0m                   &amp#27;[90m# ToDoStepDefinition.user_already_on_home_page()&amp#27;[0m
      &amp#27;[31mjava.lang.NoClassDefFoundError: Could not initialize class cucumber.deps.com.thoughtworks.xstream.converters.collections.TreeMapConverter
      	at cucumber.deps.com.thoughtworks.xstream.XStream.setupConverters(XStream.java:820)
      	at cucumber.deps.com.thoughtworks.xstream.XStream.<init>(XStream.java:574)
      	at cucumber.deps.com.thoughtworks.xstream.XStream.<init>(XStream.java:530)
      	at cucumber.runtime.xstream.LocalizedXStreams$LocalizedXStream.<init>(LocalizedXStreams.java:50)
      	at cucumber.runtime.xstream.LocalizedXStreams.newXStream(LocalizedXStreams.java:37)
      	at cucumber.runtime.xstream.LocalizedXStreams.get(LocalizedXStreams.java:29)
      	at cucumber.runtime.StepDefinitionMatch.runStep(StepDefinitionMatch.java:37)
      	at cucumber.runtime.Runtime.runStep(Runtime.java:300)
      	at cucumber.runtime.model.StepContainer.runStep(StepContainer.java:44)
      	at cucumber.runtime.model.StepContainer.runSteps(StepContainer.java:39)
      	at cucumber.runtime.model.CucumberScenario.run(CucumberScenario.java:44)
      	at cucumber.runtime.model.CucumberFeature.run(CucumberFeature.java:165)
      	at cucumber.api.testng.TestNGCucumberRunner.runCucumber(TestNGCucumberRunner.java:63)
      	at MyRunner.TestRunner.feature(TestRunner.java:36)
      	at java.base/jdk.internal.reflect.NativeMethodAccessorImpl.invoke0(Native Method)
      	at java.base/jdk.internal.reflect.NativeMethodAccessorImpl.invoke(NativeMethodAccessorImpl.java:77)
      	at java.base/jdk.internal.reflect.DelegatingMethodAccessorImpl.invoke(DelegatingMethodAccessorImpl.java:43)
      	at java.base/java.lang.reflect.Method.invoke(Method.java:568)
      	at org.testng.internal.MethodInvocationHelper.invokeMethod(MethodInvocationHelper.java:124)
      	at org.testng.internal.Invoker.invokeMethod(Invoker.java:583)
      	at org.testng.internal.Invoker.invokeTestMethod(Invoker.java:719)
      	at org.testng.internal.Invoker.invokeTestMethods(Invoker.java:989)
      	at org.testng.internal.TestMethodWorker.invokeTestMethods(TestMethodWorker.java:125)
      	at org.testng.internal.TestMethodWorker.run(TestMethodWorker.java:109)
      	at org.testng.TestRunner.privateRun(TestRunner.java:648)
      	at org.testng.TestRunner.run(TestRunner.java:505)
      	at org.testng.SuiteRunner.runTest(SuiteRunner.java:455)
      	at org.testng.SuiteRunner.access$000(SuiteRunner.java:40)
      	at org.testng.SuiteRunner$SuiteWorker.run(SuiteRunner.java:489)
      	at org.testng.internal.thread.ThreadUtil$1.call(ThreadUtil.java:52)
      	at java.base/java.util.concurrent.FutureTask.run(FutureTask.java:264)
      	at java.base/java.util.concurrent.ThreadPoolExecutor.runWorker(ThreadPoolExecutor.java:1136)
      	at java.base/java.util.concurrent.ThreadPoolExecutor$Worker.run(ThreadPoolExecutor.java:635)
      	at java.base/java.lang.Thread.run(Thread.java:833)
      	at ✽.Given I launch Session on lambdatest(googlesearch_2.feature:9)
      &amp#27;[0m
    &amp#27;[36mThen &amp#27;[0m&amp#27;[36mI open google&amp#27;[0m                                     &amp#27;[90m# ToDoStepDefinition.I_open_google()&amp#27;[0m
    &amp#27;[36mWhen &amp#27;[0m&amp#27;[36mI enter "&amp#27;[0m&amp#27;[36m&amp#27;[1m2+2&amp#27;[0m&amp#27;[36m" in search textbox&amp#27;[0m                   &amp#27;[90m# ToDoStepDefinition.I_enter_in_search_textbox(String)&amp#27;[0m
    &amp#27;[36mThen &amp#27;[0m&amp#27;[36mI should get result as "&amp#27;[0m&amp#27;[36m&amp#27;[1m4&amp#27;[0m&amp#27;[36m"&amp#27;[0m                        &amp#27;[90m# ToDoStepDefinition.I_should_get_correct_result(String)&amp#27;[0m
    &amp#27;[36mThen &amp#27;[0m&amp#27;[36mI should get internet speed and sample todo check&amp#27;[0m &amp#27;[90m# ToDoStepDefinition.I_should_get_Internet_speed()&amp#27;[0m
    &amp#27;[36mThen &amp#27;[0m&amp#27;[36mClose the browser&amp#27;[0m                                 &amp#27;[90m# ToDoStepDefinition.close_the_browser()&amp#27;[0m

  @Subtraction
  Scenario: Subtraction                                    &amp#27;[90m# googlesearch_2.feature:17&amp#27;[0m
    &amp#27;[31mGiven &amp#27;[0m&amp#27;[31mI launch Session on lambdatest&amp#27;[0m                   &amp#27;[90m# ToDoStepDefinition.user_already_on_home_page()&amp#27;[0m
      &amp#27;[31mjava.lang.NoClassDefFoundError: Could not initialize class cucumber.deps.com.thoughtworks.xstream.converters.collections.TreeMapConverter
      	at cucumber.deps.com.thoughtworks.xstream.XStream.setupConverters(XStream.java:820)
      	at cucumber.deps.com.thoughtworks.xstream.XStream.<init>(XStream.java:574)
      	at cucumber.deps.com.thoughtworks.xstream.XStream.<init>(XStream.java:530)
      	at cucumber.runtime.xstream.LocalizedXStreams$LocalizedXStream.<init>(LocalizedXStreams.java:50)
      	at cucumber.runtime.xstream.LocalizedXStreams.newXStream(LocalizedXStreams.java:37)
      	at cucumber.runtime.xstream.LocalizedXStreams.get(LocalizedXStreams.java:29)
      	at cucumber.runtime.StepDefinitionMatch.runStep(StepDefinitionMatch.java:37)
      	at cucumber.runtime.Runtime.runStep(Runtime.java:300)
      	at cucumber.runtime.model.StepContainer.runStep(StepContainer.java:44)
      	at cucumber.runtime.model.StepContainer.runSteps(StepContainer.java:39)
      	at cucumber.runtime.model.CucumberScenario.run(CucumberScenario.java:44)
      	at cucumber.runtime.model.CucumberFeature.run(CucumberFeature.java:165)
      	at cucumber.api.testng.TestNGCucumberRunner.runCucumber(TestNGCucumberRunner.java:63)
      	at MyRunner.TestRunner.feature(TestRunner.java:36)
      	at java.base/jdk.internal.reflect.NativeMethodAccessorImpl.invoke0(Native Method)
      	at java.base/jdk.internal.reflect.NativeMethodAccessorImpl.invoke(NativeMethodAccessorImpl.java:77)
      	at java.base/jdk.internal.reflect.DelegatingMethodAccessorImpl.invoke(DelegatingMethodAccessorImpl.java:43)
      	at java.base/java.lang.reflect.Method.invoke(Method.java:568)
      	at org.testng.internal.MethodInvocationHelper.invokeMethod(MethodInvocationHelper.java:124)
      	at org.testng.internal.Invoker.invokeMethod(Invoker.java:583)
      	at org.testng.internal.Invoker.invokeTestMethod(Invoker.java:719)
      	at org.testng.internal.Invoker.invokeTestMethods(Invoker.java:989)
      	at org.testng.internal.TestMethodWorker.invokeTestMethods(TestMethodWorker.java:125)
      	at org.testng.internal.TestMethodWorker.run(TestMethodWorker.java:109)
      	at org.testng.TestRunner.privateRun(TestRunner.java:648)
      	at org.testng.TestRunner.run(TestRunner.java:505)
      	at org.testng.SuiteRunner.runTest(SuiteRunner.java:455)
      	at org.testng.SuiteRunner.access$000(SuiteRunner.java:40)
      	at org.testng.SuiteRunner$SuiteWorker.run(SuiteRunner.java:489)
      	at org.testng.internal.thread.ThreadUtil$1.call(ThreadUtil.java:52)
      	at java.base/java.util.concurrent.FutureTask.run(FutureTask.java:264)
      	at java.base/java.util.concurrent.ThreadPoolExecutor.runWorker(ThreadPoolExecutor.java:1136)
      	at java.base/java.util.concurrent.ThreadPoolExecutor$Worker.run(ThreadPoolExecutor.java:635)
      	at java.base/java.lang.Thread.run(Thread.java:833)
      	at ✽.Given I launch Session on lambdatest(googlesearch_2.feature:18)
      &amp#27;[0m
    &amp#27;[36mThen &amp#27;[0m&amp#27;[36mI open google&amp#27;[0m                                     &amp#27;[90m# ToDoStepDefinition.I_open_google()&amp#27;[0m
    &amp#27;[36mWhen &amp#27;[0m&amp#27;[36mI enter "&amp#27;[0m&amp#27;[36m&amp#27;[1m5-2&amp#27;[0m&amp#27;[36m" in search textbox&amp#27;[0m                   &amp#27;[90m# ToDoStepDefinition.I_enter_in_search_textbox(String)&amp#27;[0m
    &amp#27;[36mThen &amp#27;[0m&amp#27;[36mI should get result as "&amp#27;[0m&amp#27;[36m&amp#27;[1m3&amp#27;[0m&amp#27;[36m"&amp#27;[0m                        &amp#27;[90m# ToDoStepDefinition.I_should_get_correct_result(String)&amp#27;[0m
    &amp#27;[36mThen &amp#27;[0m&amp#27;[36mI should get internet speed and sample todo check&amp#27;[0m &amp#27;[90m# ToDoStepDefinition.I_should_get_Internet_speed()&amp#27;[0m
    &amp#27;[36mThen &amp#27;[0m&amp#27;[36mClose the browser&amp#27;[0m                                 &amp#27;[90m# ToDoStepDefinition.close_the_browser()&amp#27;[0m

  @Multiplication
  Scenario: Multiplication                                 &amp#27;[90m# googlesearch_2.feature:26&amp#27;[0m
    &amp#27;[31mGiven &amp#27;[0m&amp#27;[31mI launch Session on lambdatest&amp#27;[0m                   &amp#27;[90m# ToDoStepDefinition.user_already_on_home_page()&amp#27;[0m
      &amp#27;[31mjava.lang.NoClassDefFoundError: Could not initialize class cucumber.deps.com.thoughtworks.xstream.converters.collections.TreeMapConverter
      	at cucumber.deps.com.thoughtworks.xstream.XStream.setupConverters(XStream.java:820)
      	at cucumber.deps.com.thoughtworks.xstream.XStream.<init>(XStream.java:574)
      	at cucumber.deps.com.thoughtworks.xstream.XStream.<init>(XStream.java:530)
      	at cucumber.runtime.xstream.LocalizedXStreams$LocalizedXStream.<init>(LocalizedXStreams.java:50)
      	at cucumber.runtime.xstream.LocalizedXStreams.newXStream(LocalizedXStreams.java:37)
      	at cucumber.runtime.xstream.LocalizedXStreams.get(LocalizedXStreams.java:29)
      	at cucumber.runtime.StepDefinitionMatch.runStep(StepDefinitionMatch.java:37)
      	at cucumber.runtime.Runtime.runStep(Runtime.java:300)
      	at cucumber.runtime.model.StepContainer.runStep(StepContainer.java:44)
      	at cucumber.runtime.model.StepContainer.runSteps(StepContainer.java:39)
      	at cucumber.runtime.model.CucumberScenario.run(CucumberScenario.java:44)
      	at cucumber.runtime.model.CucumberFeature.run(CucumberFeature.java:165)
      	at cucumber.api.testng.TestNGCucumberRunner.runCucumber(TestNGCucumberRunner.java:63)
      	at MyRunner.TestRunner.feature(TestRunner.java:36)
      	at java.base/jdk.internal.reflect.NativeMethodAccessorImpl.invoke0(Native Method)
      	at java.base/jdk.internal.reflect.NativeMethodAccessorImpl.invoke(NativeMethodAccessorImpl.java:77)
      	at java.base/jdk.internal.reflect.DelegatingMethodAccessorImpl.invoke(DelegatingMethodAccessorImpl.java:43)
      	at java.base/java.lang.reflect.Method.invoke(Method.java:568)
      	at org.testng.internal.MethodInvocationHelper.invokeMethod(MethodInvocationHelper.java:124)
      	at org.testng.internal.Invoker.invokeMethod(Invoker.java:583)
      	at org.testng.internal.Invoker.invokeTestMethod(Invoker.java:719)
      	at org.testng.internal.Invoker.invokeTestMethods(Invoker.java:989)
      	at org.testng.internal.TestMethodWorker.invokeTestMethods(TestMethodWorker.java:125)
      	at org.testng.internal.TestMethodWorker.run(TestMethodWorker.java:109)
      	at org.testng.TestRunner.privateRun(TestRunner.java:648)
      	at org.testng.TestRunner.run(TestRunner.java:505)
      	at org.testng.SuiteRunner.runTest(SuiteRunner.java:455)
      	at org.testng.SuiteRunner.access$000(SuiteRunner.java:40)
      	at org.testng.SuiteRunner$SuiteWorker.run(SuiteRunner.java:489)
      	at org.testng.internal.thread.ThreadUtil$1.call(ThreadUtil.java:52)
      	at java.base/java.util.concurrent.FutureTask.run(FutureTask.java:264)
      	at java.base/java.util.concurrent.ThreadPoolExecutor.runWorker(ThreadPoolExecutor.java:1136)
      	at java.base/java.util.concurrent.ThreadPoolExecutor$Worker.run(ThreadPoolExecutor.java:635)
      	at java.base/java.lang.Thread.run(Thread.java:833)
      	at ✽.Given I launch Session on lambdatest(googlesearch_2.feature:27)
      &amp#27;[0m
    &amp#27;[36mThen &amp#27;[0m&amp#27;[36mI open google&amp#27;[0m                                     &amp#27;[90m# ToDoStepDefinition.I_open_google()&amp#27;[0m
    &amp#27;[36mWhen &amp#27;[0m&amp#27;[36mI enter "&amp#27;[0m&amp#27;[36m&amp#27;[1m2*2&amp#27;[0m&amp#27;[36m" in search textbox&amp#27;[0m                   &amp#27;[90m# ToDoStepDefinition.I_enter_in_search_textbox(String)&amp#27;[0m
    &amp#27;[36mThen &amp#27;[0m&amp#27;[36mI should get result as "&amp#27;[0m&amp#27;[36m&amp#27;[1m4&amp#27;[0m&amp#27;[36m"&amp#27;[0m                        &amp#27;[90m# ToDoStepDefinition.I_should_get_correct_result(String)&amp#27;[0m
    &amp#27;[36mThen &amp#27;[0m&amp#27;[36mI should get internet speed and sample todo check&amp#27;[0m &amp#27;[90m# ToDoStepDefinition.I_should_get_Internet_speed()&amp#27;[0m
    &amp#27;[36mThen &amp#27;[0m&amp#27;[36mClose the browser&amp#27;[0m                                 &amp#27;[90m# ToDoStepDefinition.close_the_browser()&amp#27;[0m

  @Division
  Scenario: Division                                       &amp#27;[90m# googlesearch_2.feature:35&amp#27;[0m
    &amp#27;[31mGiven &amp#27;[0m&amp#27;[31mI launch Session on lambdatest&amp#27;[0m                   &amp#27;[90m# ToDoStepDefinition.user_already_on_home_page()&amp#27;[0m
      &amp#27;[31mjava.lang.NoClassDefFoundError: Could not initialize class cucumber.deps.com.thoughtworks.xstream.converters.collections.TreeMapConverter
      	at cucumber.deps.com.thoughtworks.xstream.XStream.setupConverters(XStream.java:820)
      	at cucumber.deps.com.thoughtworks.xstream.XStream.<init>(XStream.java:574)
      	at cucumber.deps.com.thoughtworks.xstream.XStream.<init>(XStream.java:530)
      	at cucumber.runtime.xstream.LocalizedXStreams$LocalizedXStream.<init>(LocalizedXStreams.java:50)
      	at cucumber.runtime.xstream.LocalizedXStreams.newXStream(LocalizedXStreams.java:37)
      	at cucumber.runtime.xstream.LocalizedXStreams.get(LocalizedXStreams.java:29)
      	at cucumber.runtime.StepDefinitionMatch.runStep(StepDefinitionMatch.java:37)
      	at cucumber.runtime.Runtime.runStep(Runtime.java:300)
      	at cucumber.runtime.model.StepContainer.runStep(StepContainer.java:44)
      	at cucumber.runtime.model.StepContainer.runSteps(StepContainer.java:39)
      	at cucumber.runtime.model.CucumberScenario.run(CucumberScenario.java:44)
      	at cucumber.runtime.model.CucumberFeature.run(CucumberFeature.java:165)
      	at cucumber.api.testng.TestNGCucumberRunner.runCucumber(TestNGCucumberRunner.java:63)
      	at MyRunner.TestRunner.feature(TestRunner.java:36)
      	at java.base/jdk.internal.reflect.NativeMethodAccessorImpl.invoke0(Native Method)
      	at java.base/jdk.internal.reflect.NativeMethodAccessorImpl.invoke(NativeMethodAccessorImpl.java:77)
      	at java.base/jdk.internal.reflect.DelegatingMethodAccessorImpl.invoke(DelegatingMethodAccessorImpl.java:43)
      	at java.base/java.lang.reflect.Method.invoke(Method.java:568)
      	at org.testng.internal.MethodInvocationHelper.invokeMethod(MethodInvocationHelper.java:124)
      	at org.testng.internal.Invoker.invokeMethod(Invoker.java:583)
      	at org.testng.internal.Invoker.invokeTestMethod(Invoker.java:719)
      	at org.testng.internal.Invoker.invokeTestMethods(Invoker.java:989)
      	at org.testng.internal.TestMethodWorker.invokeTestMethods(TestMethodWorker.java:125)
      	at org.testng.internal.TestMethodWorker.run(TestMethodWorker.java:109)
      	at org.testng.TestRunner.privateRun(TestRunner.java:648)
      	at org.testng.TestRunner.run(TestRunner.java:505)
      	at org.testng.SuiteRunner.runTest(SuiteRunner.java:455)
      	at org.testng.SuiteRunner.access$000(SuiteRunner.java:40)
      	at org.testng.SuiteRunner$SuiteWorker.run(SuiteRunner.java:489)
      	at org.testng.internal.thread.ThreadUtil$1.call(ThreadUtil.java:52)
      	at java.base/java.util.concurrent.FutureTask.run(FutureTask.java:264)
      	at java.base/java.util.concurrent.ThreadPoolExecutor.runWorker(ThreadPoolExecutor.java:1136)
      	at java.base/java.util.concurrent.ThreadPoolExecutor$Worker.run(ThreadPoolExecutor.java:635)
      	at java.base/java.lang.Thread.run(Thread.java:833)
      	at ✽.Given I launch Session on lambdatest(googlesearch_2.feature:36)
      &amp#27;[0m
    &amp#27;[36mThen &amp#27;[0m&amp#27;[36mI open google&amp#27;[0m                                     &amp#27;[90m# ToDoStepDefinition.I_open_google()&amp#27;[0m
    &amp#27;[36mWhen &amp#27;[0m&amp#27;[36mI enter "&amp#27;[0m&amp#27;[36m&amp#27;[1m8/2&amp#27;[0m&amp#27;[36m" in search textbox&amp#27;[0m                   &amp#27;[90m# ToDoStepDefinition.I_enter_in_search_textbox(String)&amp#27;[0m
    &amp#27;[36mThen &amp#27;[0m&amp#27;[36mI should get result as "&amp#27;[0m&amp#27;[36m&amp#27;[1m4&amp#27;[0m&amp#27;[36m"&amp#27;[0m                        &amp#27;[90m# ToDoStepDefinition.I_should_get_correct_result(String)&amp#27;[0m
    &amp#27;[36mThen &amp#27;[0m&amp#27;[36mI should get internet speed and sample todo check&amp#27;[0m &amp#27;[90m# ToDoStepDefinition.I_should_get_Internet_speed()&amp#27;[0m
    &amp#27;[36mThen &amp#27;[0m&amp#27;[36mClose the browser&amp#27;[0m                                 &amp#27;[90m# ToDoStepDefinition.close_the_browser()&amp#27;[0m

  @Modulus
  Scenario: Modulus                                        &amp#27;[90m# googlesearch_2.feature:44&amp#27;[0m
    &amp#27;[31mGiven &amp#27;[0m&amp#27;[31mI launch Session on lambdatest&amp#27;[0m                   &amp#27;[90m# ToDoStepDefinition.user_already_on_home_page()&amp#27;[0m
      &amp#27;[31mjava.lang.NoClassDefFoundError: Could not initialize class cucumber.deps.com.thoughtworks.xstream.converters.collections.TreeMapConverter
      	at cucumber.deps.com.thoughtworks.xstream.XStream.setupConverters(XStream.java:820)
      	at cucumber.deps.com.thoughtworks.xstream.XStream.<init>(XStream.java:574)
      	at cucumber.deps.com.thoughtworks.xstream.XStream.<init>(XStream.java:530)
      	at cucumber.runtime.xstream.LocalizedXStreams$LocalizedXStream.<init>(LocalizedXStreams.java:50)
      	at cucumber.runtime.xstream.LocalizedXStreams.newXStream(LocalizedXStreams.java:37)
      	at cucumber.runtime.xstream.LocalizedXStreams.get(LocalizedXStreams.java:29)
      	at cucumber.runtime.StepDefinitionMatch.runStep(StepDefinitionMatch.java:37)
      	at cucumber.runtime.Runtime.runStep(Runtime.java:300)
      	at cucumber.runtime.model.StepContainer.runStep(StepContainer.java:44)
      	at cucumber.runtime.model.StepContainer.runSteps(StepContainer.java:39)
      	at cucumber.runtime.model.CucumberScenario.run(CucumberScenario.java:44)
      	at cucumber.runtime.model.CucumberFeature.run(CucumberFeature.java:165)
      	at cucumber.api.testng.TestNGCucumberRunner.runCucumber(TestNGCucumberRunner.java:63)
      	at MyRunner.TestRunner.feature(TestRunner.java:36)
      	at java.base/jdk.internal.reflect.NativeMethodAccessorImpl.invoke0(Native Method)
      	at java.base/jdk.internal.reflect.NativeMethodAccessorImpl.invoke(NativeMethodAccessorImpl.java:77)
      	at java.base/jdk.internal.reflect.DelegatingMethodAccessorImpl.invoke(DelegatingMethodAccessorImpl.java:43)
      	at java.base/java.lang.reflect.Method.invoke(Method.java:568)
      	at org.testng.internal.MethodInvocationHelper.invokeMethod(MethodInvocationHelper.java:124)
      	at org.testng.internal.Invoker.invokeMethod(Invoker.java:583)
      	at org.testng.internal.Invoker.invokeTestMethod(Invoker.java:719)
      	at org.testng.internal.Invoker.invokeTestMethods(Invoker.java:989)
      	at org.testng.internal.TestMethodWorker.invokeTestMethods(TestMethodWorker.java:125)
      	at org.testng.internal.TestMethodWorker.run(TestMethodWorker.java:109)
      	at org.testng.TestRunner.privateRun(TestRunner.java:648)
      	at org.testng.TestRunner.run(TestRunner.java:505)
      	at org.testng.SuiteRunner.runTest(SuiteRunner.java:455)
      	at org.testng.SuiteRunner.access$000(SuiteRunner.java:40)
      	at org.testng.SuiteRunner$SuiteWorker.run(SuiteRunner.java:489)
      	at org.testng.internal.thread.ThreadUtil$1.call(ThreadUtil.java:52)
      	at java.base/java.util.concurrent.FutureTask.run(FutureTask.java:264)
      	at java.base/java.util.concurrent.ThreadPoolExecutor.runWorker(ThreadPoolExecutor.java:1136)
      	at java.base/java.util.concurrent.ThreadPoolExecutor$Worker.run(ThreadPoolExecutor.java:635)
      	at java.base/java.lang.Thread.run(Thread.java:833)
      	at ✽.Given I launch Session on lambdatest(googlesearch_2.feature:45)
      &amp#27;[0m
    &amp#27;[36mThen &amp#27;[0m&amp#27;[36mI open google&amp#27;[0m                                     &amp#27;[90m# ToDoStepDefinition.I_open_google()&amp#27;[0m
    &amp#27;[36mWhen &amp#27;[0m&amp#27;[36mI enter "&amp#27;[0m&amp#27;[36m&amp#27;[1m9%2&amp#27;[0m&amp#27;[36m" in search textbox&amp#27;[0m                   &amp#27;[90m# ToDoStepDefinition.I_enter_in_search_textbox(String)&amp#27;[0m
    &amp#27;[36mThen &amp#27;[0m&amp#27;[36mI should get result as "&amp#27;[0m&amp#27;[36m&amp#27;[1m1&amp#27;[0m&amp#27;[36m"&amp#27;[0m                        &amp#27;[90m# ToDoStepDefinition.I_should_get_correct_result(String)&amp#27;[0m
    &amp#27;[36mThen &amp#27;[0m&amp#27;[36mI should get internet speed and sample todo check&amp#27;[0m &amp#27;[90m# ToDoStepDefinition.I_should_get_Internet_speed()&amp#27;[0m
    &amp#27;[36mThen &amp#27;[0m&amp#27;[36mClose the browser&amp#27;[0m                                 &amp#27;[90m# ToDoStepDefinition.close_the_browser()&amp#27;[0m
]]></system-out>
  </testcase>
  <testcase name="feature" classname="MyRunner.TestRunner" time="0.023">
    <failure message="java.lang.NoClassDefFoundError: Could not initialize class cucumber.deps.com.thoughtworks.xstream.converters.collections.TreeMapConverter" type="cucumber.runtime.CucumberException">cucumber.runtime.CucumberException: java.lang.NoClassDefFoundError: Could not initialize class cucumber.deps.com.thoughtworks.xstream.converters.collections.TreeMapConverter
	at MyRunner.TestRunner.feature(TestRunner.java:36)
Caused by: java.lang.NoClassDefFoundError: Could not initialize class cucumber.deps.com.thoughtworks.xstream.converters.collections.TreeMapConverter
	at MyRunner.TestRunner.feature(TestRunner.java:36)
</failure>
    <system-out><![CDATA[@feature4
Feature: Check addition in Google calculator
   In order to verify that google calculator work correctly
   As a user of google
   I should be able to get correct addition result

  @Addition
  Scenario: Addition                                       &amp#27;[90m# googlesearch_3.feature:8&amp#27;[0m
    &amp#27;[31mGiven &amp#27;[0m&amp#27;[31mI launch Session on lambdatest&amp#27;[0m                   &amp#27;[90m# ToDoStepDefinition.user_already_on_home_page()&amp#27;[0m
      &amp#27;[31mjava.lang.NoClassDefFoundError: Could not initialize class cucumber.deps.com.thoughtworks.xstream.converters.collections.TreeMapConverter
      	at cucumber.deps.com.thoughtworks.xstream.XStream.setupConverters(XStream.java:820)
      	at cucumber.deps.com.thoughtworks.xstream.XStream.<init>(XStream.java:574)
      	at cucumber.deps.com.thoughtworks.xstream.XStream.<init>(XStream.java:530)
      	at cucumber.runtime.xstream.LocalizedXStreams$LocalizedXStream.<init>(LocalizedXStreams.java:50)
      	at cucumber.runtime.xstream.LocalizedXStreams.newXStream(LocalizedXStreams.java:37)
      	at cucumber.runtime.xstream.LocalizedXStreams.get(LocalizedXStreams.java:29)
      	at cucumber.runtime.StepDefinitionMatch.runStep(StepDefinitionMatch.java:37)
      	at cucumber.runtime.Runtime.runStep(Runtime.java:300)
      	at cucumber.runtime.model.StepContainer.runStep(StepContainer.java:44)
      	at cucumber.runtime.model.StepContainer.runSteps(StepContainer.java:39)
      	at cucumber.runtime.model.CucumberScenario.run(CucumberScenario.java:44)
      	at cucumber.runtime.model.CucumberFeature.run(CucumberFeature.java:165)
      	at cucumber.api.testng.TestNGCucumberRunner.runCucumber(TestNGCucumberRunner.java:63)
      	at MyRunner.TestRunner.feature(TestRunner.java:36)
      	at java.base/jdk.internal.reflect.NativeMethodAccessorImpl.invoke0(Native Method)
      	at java.base/jdk.internal.reflect.NativeMethodAccessorImpl.invoke(NativeMethodAccessorImpl.java:77)
      	at java.base/jdk.internal.reflect.DelegatingMethodAccessorImpl.invoke(DelegatingMethodAccessorImpl.java:43)
      	at java.base/java.lang.reflect.Method.invoke(Method.java:568)
      	at org.testng.internal.MethodInvocationHelper.invokeMethod(MethodInvocationHelper.java:124)
      	at org.testng.internal.Invoker.invokeMethod(Invoker.java:583)
      	at org.testng.internal.Invoker.invokeTestMethod(Invoker.java:719)
      	at org.testng.internal.Invoker.invokeTestMethods(Invoker.java:989)
      	at org.testng.internal.TestMethodWorker.invokeTestMethods(TestMethodWorker.java:125)
      	at org.testng.internal.TestMethodWorker.run(TestMethodWorker.java:109)
      	at org.testng.TestRunner.privateRun(TestRunner.java:648)
      	at org.testng.TestRunner.run(TestRunner.java:505)
      	at org.testng.SuiteRunner.runTest(SuiteRunner.java:455)
      	at org.testng.SuiteRunner.access$000(SuiteRunner.java:40)
      	at org.testng.SuiteRunner$SuiteWorker.run(SuiteRunner.java:489)
      	at org.testng.internal.thread.ThreadUtil$1.call(ThreadUtil.java:52)
      	at java.base/java.util.concurrent.FutureTask.run(FutureTask.java:264)
      	at java.base/java.util.concurrent.ThreadPoolExecutor.runWorker(ThreadPoolExecutor.java:1136)
      	at java.base/java.util.concurrent.ThreadPoolExecutor$Worker.run(ThreadPoolExecutor.java:635)
      	at java.base/java.lang.Thread.run(Thread.java:833)
      	at ✽.Given I launch Session on lambdatest(googlesearch_3.feature:9)
      &amp#27;[0m
    &amp#27;[36mThen &amp#27;[0m&amp#27;[36mI open google&amp#27;[0m                                     &amp#27;[90m# ToDoStepDefinition.I_open_google()&amp#27;[0m
    &amp#27;[36mWhen &amp#27;[0m&amp#27;[36mI enter "&amp#27;[0m&amp#27;[36m&amp#27;[1m2+2&amp#27;[0m&amp#27;[36m" in search textbox&amp#27;[0m                   &amp#27;[90m# ToDoStepDefinition.I_enter_in_search_textbox(String)&amp#27;[0m
    &amp#27;[36mThen &amp#27;[0m&amp#27;[36mI should get result as "&amp#27;[0m&amp#27;[36m&amp#27;[1m4&amp#27;[0m&amp#27;[36m"&amp#27;[0m                        &amp#27;[90m# ToDoStepDefinition.I_should_get_correct_result(String)&amp#27;[0m
    &amp#27;[36mThen &amp#27;[0m&amp#27;[36mI should get internet speed and sample todo check&amp#27;[0m &amp#27;[90m# ToDoStepDefinition.I_should_get_Internet_speed()&amp#27;[0m
    &amp#27;[36mThen &amp#27;[0m&amp#27;[36mClose the browser&amp#27;[0m                                 &amp#27;[90m# ToDoStepDefinition.close_the_browser()&amp#27;[0m

  @Subtraction
  Scenario: Subtraction                                    &amp#27;[90m# googlesearch_3.feature:17&amp#27;[0m
    &amp#27;[31mGiven &amp#27;[0m&amp#27;[31mI launch Session on lambdatest&amp#27;[0m                   &amp#27;[90m# ToDoStepDefinition.user_already_on_home_page()&amp#27;[0m
      &amp#27;[31mjava.lang.NoClassDefFoundError: Could not initialize class cucumber.deps.com.thoughtworks.xstream.converters.collections.TreeMapConverter
      	at cucumber.deps.com.thoughtworks.xstream.XStream.setupConverters(XStream.java:820)
      	at cucumber.deps.com.thoughtworks.xstream.XStream.<init>(XStream.java:574)
      	at cucumber.deps.com.thoughtworks.xstream.XStream.<init>(XStream.java:530)
      	at cucumber.runtime.xstream.LocalizedXStreams$LocalizedXStream.<init>(LocalizedXStreams.java:50)
      	at cucumber.runtime.xstream.LocalizedXStreams.newXStream(LocalizedXStreams.java:37)
      	at cucumber.runtime.xstream.LocalizedXStreams.get(LocalizedXStreams.java:29)
      	at cucumber.runtime.StepDefinitionMatch.runStep(StepDefinitionMatch.java:37)
      	at cucumber.runtime.Runtime.runStep(Runtime.java:300)
      	at cucumber.runtime.model.StepContainer.runStep(StepContainer.java:44)
      	at cucumber.runtime.model.StepContainer.runSteps(StepContainer.java:39)
      	at cucumber.runtime.model.CucumberScenario.run(CucumberScenario.java:44)
      	at cucumber.runtime.model.CucumberFeature.run(CucumberFeature.java:165)
      	at cucumber.api.testng.TestNGCucumberRunner.runCucumber(TestNGCucumberRunner.java:63)
      	at MyRunner.TestRunner.feature(TestRunner.java:36)
      	at java.base/jdk.internal.reflect.NativeMethodAccessorImpl.invoke0(Native Method)
      	at java.base/jdk.internal.reflect.NativeMethodAccessorImpl.invoke(NativeMethodAccessorImpl.java:77)
      	at java.base/jdk.internal.reflect.DelegatingMethodAccessorImpl.invoke(DelegatingMethodAccessorImpl.java:43)
      	at java.base/java.lang.reflect.Method.invoke(Method.java:568)
      	at org.testng.internal.MethodInvocationHelper.invokeMethod(MethodInvocationHelper.java:124)
      	at org.testng.internal.Invoker.invokeMethod(Invoker.java:583)
      	at org.testng.internal.Invoker.invokeTestMethod(Invoker.java:719)
      	at org.testng.internal.Invoker.invokeTestMethods(Invoker.java:989)
      	at org.testng.internal.TestMethodWorker.invokeTestMethods(TestMethodWorker.java:125)
      	at org.testng.internal.TestMethodWorker.run(TestMethodWorker.java:109)
      	at org.testng.TestRunner.privateRun(TestRunner.java:648)
      	at org.testng.TestRunner.run(TestRunner.java:505)
      	at org.testng.SuiteRunner.runTest(SuiteRunner.java:455)
      	at org.testng.SuiteRunner.access$000(SuiteRunner.java:40)
      	at org.testng.SuiteRunner$SuiteWorker.run(SuiteRunner.java:489)
      	at org.testng.internal.thread.ThreadUtil$1.call(ThreadUtil.java:52)
      	at java.base/java.util.concurrent.FutureTask.run(FutureTask.java:264)
      	at java.base/java.util.concurrent.ThreadPoolExecutor.runWorker(ThreadPoolExecutor.java:1136)
      	at java.base/java.util.concurrent.ThreadPoolExecutor$Worker.run(ThreadPoolExecutor.java:635)
      	at java.base/java.lang.Thread.run(Thread.java:833)
      	at ✽.Given I launch Session on lambdatest(googlesearch_3.feature:18)
      &amp#27;[0m
    &amp#27;[36mThen &amp#27;[0m&amp#27;[36mI open google&amp#27;[0m                                     &amp#27;[90m# ToDoStepDefinition.I_open_google()&amp#27;[0m
    &amp#27;[36mWhen &amp#27;[0m&amp#27;[36mI enter "&amp#27;[0m&amp#27;[36m&amp#27;[1m5-2&amp#27;[0m&amp#27;[36m" in search textbox&amp#27;[0m                   &amp#27;[90m# ToDoStepDefinition.I_enter_in_search_textbox(String)&amp#27;[0m
    &amp#27;[36mThen &amp#27;[0m&amp#27;[36mI should get result as "&amp#27;[0m&amp#27;[36m&amp#27;[1m3&amp#27;[0m&amp#27;[36m"&amp#27;[0m                        &amp#27;[90m# ToDoStepDefinition.I_should_get_correct_result(String)&amp#27;[0m
    &amp#27;[36mThen &amp#27;[0m&amp#27;[36mI should get internet speed and sample todo check&amp#27;[0m &amp#27;[90m# ToDoStepDefinition.I_should_get_Internet_speed()&amp#27;[0m
    &amp#27;[36mThen &amp#27;[0m&amp#27;[36mClose the browser&amp#27;[0m                                 &amp#27;[90m# ToDoStepDefinition.close_the_browser()&amp#27;[0m

  @Multiplication
  Scenario: Multiplication                                 &amp#27;[90m# googlesearch_3.feature:26&amp#27;[0m
    &amp#27;[31mGiven &amp#27;[0m&amp#27;[31mI launch Session on lambdatest&amp#27;[0m                   &amp#27;[90m# ToDoStepDefinition.user_already_on_home_page()&amp#27;[0m
      &amp#27;[31mjava.lang.NoClassDefFoundError: Could not initialize class cucumber.deps.com.thoughtworks.xstream.converters.collections.TreeMapConverter
      	at cucumber.deps.com.thoughtworks.xstream.XStream.setupConverters(XStream.java:820)
      	at cucumber.deps.com.thoughtworks.xstream.XStream.<init>(XStream.java:574)
      	at cucumber.deps.com.thoughtworks.xstream.XStream.<init>(XStream.java:530)
      	at cucumber.runtime.xstream.LocalizedXStreams$LocalizedXStream.<init>(LocalizedXStreams.java:50)
      	at cucumber.runtime.xstream.LocalizedXStreams.newXStream(LocalizedXStreams.java:37)
      	at cucumber.runtime.xstream.LocalizedXStreams.get(LocalizedXStreams.java:29)
      	at cucumber.runtime.StepDefinitionMatch.runStep(StepDefinitionMatch.java:37)
      	at cucumber.runtime.Runtime.runStep(Runtime.java:300)
      	at cucumber.runtime.model.StepContainer.runStep(StepContainer.java:44)
      	at cucumber.runtime.model.StepContainer.runSteps(StepContainer.java:39)
      	at cucumber.runtime.model.CucumberScenario.run(CucumberScenario.java:44)
      	at cucumber.runtime.model.CucumberFeature.run(CucumberFeature.java:165)
      	at cucumber.api.testng.TestNGCucumberRunner.runCucumber(TestNGCucumberRunner.java:63)
      	at MyRunner.TestRunner.feature(TestRunner.java:36)
      	at java.base/jdk.internal.reflect.NativeMethodAccessorImpl.invoke0(Native Method)
      	at java.base/jdk.internal.reflect.NativeMethodAccessorImpl.invoke(NativeMethodAccessorImpl.java:77)
      	at java.base/jdk.internal.reflect.DelegatingMethodAccessorImpl.invoke(DelegatingMethodAccessorImpl.java:43)
      	at java.base/java.lang.reflect.Method.invoke(Method.java:568)
      	at org.testng.internal.MethodInvocationHelper.invokeMethod(MethodInvocationHelper.java:124)
      	at org.testng.internal.Invoker.invokeMethod(Invoker.java:583)
      	at org.testng.internal.Invoker.invokeTestMethod(Invoker.java:719)
      	at org.testng.internal.Invoker.invokeTestMethods(Invoker.java:989)
      	at org.testng.internal.TestMethodWorker.invokeTestMethods(TestMethodWorker.java:125)
      	at org.testng.internal.TestMethodWorker.run(TestMethodWorker.java:109)
      	at org.testng.TestRunner.privateRun(TestRunner.java:648)
      	at org.testng.TestRunner.run(TestRunner.java:505)
      	at org.testng.SuiteRunner.runTest(SuiteRunner.java:455)
      	at org.testng.SuiteRunner.access$000(SuiteRunner.java:40)
      	at org.testng.SuiteRunner$SuiteWorker.run(SuiteRunner.java:489)
      	at org.testng.internal.thread.ThreadUtil$1.call(ThreadUtil.java:52)
      	at java.base/java.util.concurrent.FutureTask.run(FutureTask.java:264)
      	at java.base/java.util.concurrent.ThreadPoolExecutor.runWorker(ThreadPoolExecutor.java:1136)
      	at java.base/java.util.concurrent.ThreadPoolExecutor$Worker.run(ThreadPoolExecutor.java:635)
      	at java.base/java.lang.Thread.run(Thread.java:833)
      	at ✽.Given I launch Session on lambdatest(googlesearch_3.feature:27)
      &amp#27;[0m
    &amp#27;[36mThen &amp#27;[0m&amp#27;[36mI open google&amp#27;[0m                                     &amp#27;[90m# ToDoStepDefinition.I_open_google()&amp#27;[0m
    &amp#27;[36mWhen &amp#27;[0m&amp#27;[36mI enter "&amp#27;[0m&amp#27;[36m&amp#27;[1m2*2&amp#27;[0m&amp#27;[36m" in search textbox&amp#27;[0m                   &amp#27;[90m# ToDoStepDefinition.I_enter_in_search_textbox(String)&amp#27;[0m
[...]
      	at java.base/java.lang.reflect.Method.invoke(Method.java:568)
      	at org.testng.internal.MethodInvocationHelper.invokeMethod(MethodInvocationHelper.java:124)
      	at org.testng.internal.Invoker.invokeMethod(Invoker.java:583)
      	at org.testng.internal.Invoker.invokeTestMethod(Invoker.java:719)
      	at org.testng.internal.Invoker.invokeTestMethods(Invoker.java:989)
      	at org.testng.internal.TestMethodWorker.invokeTestMethods(TestMethodWorker.java:125)
      	at org.testng.internal.TestMethodWorker.run(TestMethodWorker.java:109)
      	at org.testng.TestRunner.privateRun(TestRunner.java:648)
      	at org.testng.TestRunner.run(TestRunner.java:505)
      	at org.testng.SuiteRunner.runTest(SuiteRunner.java:455)
      	at org.testng.SuiteRunner.access$000(SuiteRunner.java:40)
      	at org.testng.SuiteRunner$SuiteWorker.run(SuiteRunner.java:489)
      	at org.testng.internal.thread.ThreadUtil$1.call(ThreadUtil.java:52)
      	at java.base/java.util.concurrent.FutureTask.run(FutureTask.java:264)
      	at java.base/java.util.concurrent.ThreadPoolExecutor.runWorker(ThreadPoolExecutor.java:1136)
      	at java.base/java.util.concurrent.ThreadPoolExecutor$Worker.run(ThreadPoolExecutor.java:635)
      	at java.base/java.lang.Thread.run(Thread.java:833)
      	at ✽.Given I launch Session on lambdatest(todo.feature:15)
      &amp#27;[0m
    &amp#27;[36mWhen &amp#27;[0m&amp#27;[36mselect First Item&amp#27;[0m               &amp#27;[90m# ToDoStepDefinition.select_first_item()&amp#27;[0m
    &amp#27;[36mThen &amp#27;[0m&amp#27;[36mselect second item&amp#27;[0m              &amp#27;[90m# ToDoStepDefinition.select_second_item()&amp#27;[0m
    &amp#27;[36mThen &amp#27;[0m&amp#27;[36madd new item&amp#27;[0m                    &amp#27;[90m# ToDoStepDefinition.add_new_item()&amp#27;[0m
    &amp#27;[36mThen &amp#27;[0m&amp#27;[36mverify added item&amp#27;[0m               &amp#27;[90m# ToDoStepDefinition.verify_added_item()&amp#27;[0m
    &amp#27;[36mThen &amp#27;[0m&amp#27;[36mUpdate the result&amp#27;[0m               &amp#27;[90m# ToDoStepDefinition.update_result()&amp#27;[0m
    &amp#27;[36mThen &amp#27;[0m&amp#27;[36mClose the browser&amp#27;[0m               &amp#27;[90m# ToDoStepDefinition.close_the_browser()&amp#27;[0m

  @sample3
  Scenario: Open Url from json1          &amp#27;[90m# todo.feature:24&amp#27;[0m
    &amp#27;[31mGiven &amp#27;[0m&amp#27;[31mI launch Session on lambdatest&amp#27;[0m &amp#27;[90m# ToDoStepDefinition.user_already_on_home_page()&amp#27;[0m
      &amp#27;[31mjava.lang.NoClassDefFoundError: Could not initialize class cucumber.deps.com.thoughtworks.xstream.converters.collections.TreeMapConverter
      	at cucumber.deps.com.thoughtworks.xstream.XStream.setupConverters(XStream.java:820)
      	at cucumber.deps.com.thoughtworks.xstream.XStream.<init>(XStream.java:574)
      	at cucumber.deps.com.thoughtworks.xstream.XStream.<init>(XStream.java:530)
      	at cucumber.runtime.xstream.LocalizedXStreams$LocalizedXStream.<init>(LocalizedXStreams.java:50)
      	at cucumber.runtime.xstream.LocalizedXStreams.newXStream(LocalizedXStreams.java:37)
      	at cucumber.runtime.xstream.LocalizedXStreams.get(LocalizedXStreams.java:29)
      	at cucumber.runtime.StepDefinitionMatch.runStep(StepDefinitionMatch.java:37)
      	at cucumber.runtime.Runtime.runStep(Runtime.java:300)
      	at cucumber.runtime.model.StepContainer.runStep(StepContainer.java:44)
      	at cucumber.runtime.model.StepContainer.runSteps(StepContainer.java:39)
      	at cucumber.runtime.model.CucumberScenario.run(CucumberScenario.java:44)
      	at cucumber.runtime.model.CucumberFeature.run(CucumberFeature.java:165)
      	at cucumber.api.testng.TestNGCucumberRunner.runCucumber(TestNGCucumberRunner.java:63)
      	at MyRunner.TestRunner.feature(TestRunner.java:36)
      	at java.base/jdk.internal.reflect.NativeMethodAccessorImpl.invoke0(Native Method)
      	at java.base/jdk.internal.reflect.NativeMethodAccessorImpl.invoke(NativeMethodAccessorImpl.java:77)
      	at java.base/jdk.internal.reflect.DelegatingMethodAccessorImpl.invoke(DelegatingMethodAccessorImpl.java:43)
      	at java.base/java.lang.reflect.Method.invoke(Method.java:568)
      	at org.testng.internal.MethodInvocationHelper.invokeMethod(MethodInvocationHelper.java:124)
      	at org.testng.internal.Invoker.invokeMethod(Invoker.java:583)
      	at org.testng.internal.Invoker.invokeTestMethod(Invoker.java:719)
      	at org.testng.internal.Invoker.invokeTestMethods(Invoker.java:989)
      	at org.testng.internal.TestMethodWorker.invokeTestMethods(TestMethodWorker.java:125)
      	at org.testng.internal.TestMethodWorker.run(TestMethodWorker.java:109)
      	at org.testng.TestRunner.privateRun(TestRunner.java:648)
      	at org.testng.TestRunner.run(TestRunner.java:505)
      	at org.testng.SuiteRunner.runTest(SuiteRunner.java:455)
      	at org.testng.SuiteRunner.access$000(SuiteRunner.java:40)
      	at org.testng.SuiteRunner$SuiteWorker.run(SuiteRunner.java:489)
      	at org.testng.internal.thread.ThreadUtil$1.call(ThreadUtil.java:52)
      	at java.base/java.util.concurrent.FutureTask.run(FutureTask.java:264)
      	at java.base/java.util.concurrent.ThreadPoolExecutor.runWorker(ThreadPoolExecutor.java:1136)
      	at java.base/java.util.concurrent.ThreadPoolExecutor$Worker.run(ThreadPoolExecutor.java:635)
      	at java.base/java.lang.Thread.run(Thread.java:833)
      	at ✽.Given I launch Session on lambdatest(todo.feature:25)
      &amp#27;[0m
    &amp#27;[36mThen &amp#27;[0m&amp#27;[36mopen url from context json&amp#27;[0m      &amp#27;[90m# ToDoStepDefinition.open_url()&amp#27;[0m
    &amp#27;[36mThen &amp#27;[0m&amp#27;[36mClose the browser&amp#27;[0m               &amp#27;[90m# ToDoStepDefinition.close_the_browser()&amp#27;[0m

  @sample3
  Scenario: Open Url from json2          &amp#27;[90m# todo.feature:30&amp#27;[0m
    &amp#27;[31mGiven &amp#27;[0m&amp#27;[31mI launch Session on lambdatest&amp#27;[0m &amp#27;[90m# ToDoStepDefinition.user_already_on_home_page()&amp#27;[0m
      &amp#27;[31mjava.lang.NoClassDefFoundError: Could not initialize class cucumber.deps.com.thoughtworks.xstream.converters.collections.TreeMapConverter
      	at cucumber.deps.com.thoughtworks.xstream.XStream.setupConverters(XStream.java:820)
      	at cucumber.deps.com.thoughtworks.xstream.XStream.<init>(XStream.java:574)
      	at cucumber.deps.com.thoughtworks.xstream.XStream.<init>(XStream.java:530)
      	at cucumber.runtime.xstream.LocalizedXStreams$LocalizedXStream.<init>(LocalizedXStreams.java:50)
      	at cucumber.runtime.xstream.LocalizedXStreams.newXStream(LocalizedXStreams.java:37)
      	at cucumber.runtime.xstream.LocalizedXStreams.get(LocalizedXStreams.java:29)
      	at cucumber.runtime.StepDefinitionMatch.runStep(StepDefinitionMatch.java:37)
      	at cucumber.runtime.Runtime.runStep(Runtime.java:300)
      	at cucumber.runtime.model.StepContainer.runStep(StepContainer.java:44)
      	at cucumber.runtime.model.StepContainer.runSteps(StepContainer.java:39)
      	at cucumber.runtime.model.CucumberScenario.run(CucumberScenario.java:44)
      	at cucumber.runtime.model.CucumberFeature.run(CucumberFeature.java:165)
      	at cucumber.api.testng.TestNGCucumberRunner.runCucumber(TestNGCucumberRunner.java:63)
      	at MyRunner.TestRunner.feature(TestRunner.java:36)
      	at java.base/jdk.internal.reflect.NativeMethodAccessorImpl.invoke0(Native Method)
      	at java.base/jdk.internal.reflect.NativeMethodAccessorImpl.invoke(NativeMethodAccessorImpl.java:77)
      	at java.base/jdk.internal.reflect.DelegatingMethodAccessorImpl.invoke(DelegatingMethodAccessorImpl.java:43)
      	at java.base/java.lang.reflect.Method.invoke(Method.java:568)
      	at org.testng.internal.MethodInvocationHelper.invokeMethod(MethodInvocationHelper.java:124)
      	at org.testng.internal.Invoker.invokeMethod(Invoker.java:583)
      	at org.testng.internal.Invoker.invokeTestMethod(Invoker.java:719)
      	at org.testng.internal.Invoker.invokeTestMethods(Invoker.java:989)
      	at org.testng.internal.TestMethodWorker.invokeTestMethods(TestMethodWorker.java:125)
      	at org.testng.internal.TestMethodWorker.run(TestMethodWorker.java:109)
      	at org.testng.TestRunner.privateRun(TestRunner.java:648)
      	at org.testng.TestRunner.run(TestRunner.java:505)
      	at org.testng.SuiteRunner.runTest(SuiteRunner.java:455)
      	at org.testng.SuiteRunner.access$000(SuiteRunner.java:40)
      	at org.testng.SuiteRunner$SuiteWorker.run(SuiteRunner.java:489)
      	at org.testng.internal.thread.ThreadUtil$1.call(ThreadUtil.java:52)
      	at java.base/java.util.concurrent.FutureTask.run(FutureTask.java:264)
      	at java.base/java.util.concurrent.ThreadPoolExecutor.runWorker(ThreadPoolExecutor.java:1136)
      	at java.base/java.util.concurrent.ThreadPoolExecutor$Worker.run(ThreadPoolExecutor.java:635)
      	at java.base/java.lang.Thread.run(Thread.java:833)
      	at ✽.Given I launch Session on lambdatest(todo.feature:31)
      &amp#27;[0m
    &amp#27;[36mThen &amp#27;[0m&amp#27;[36mopen url from context json&amp#27;[0m      &amp#27;[90m# ToDoStepDefinition.open_url()&amp#27;[0m
    &amp#27;[36mThen &amp#27;[0m&amp#27;[36mClose the browser&amp#27;[0m               &amp#27;[90m# ToDoStepDefinition.close_the_browser()&amp#27;[0m

  @sample3
  Scenario: Open Url from json3          &amp#27;[90m# todo.feature:36&amp#27;[0m
    &amp#27;[31mGiven &amp#27;[0m&amp#27;[31mI launch Session on lambdatest&amp#27;[0m &amp#27;[90m# ToDoStepDefinition.user_already_on_home_page()&amp#27;[0m
      &amp#27;[31mjava.lang.NoClassDefFoundError: Could not initialize class cucumber.deps.com.thoughtworks.xstream.converters.collections.TreeMapConverter
      	at cucumber.deps.com.thoughtworks.xstream.XStream.setupConverters(XStream.java:820)
      	at cucumber.deps.com.thoughtworks.xstream.XStream.<init>(XStream.java:574)
      	at cucumber.deps.com.thoughtworks.xstream.XStream.<init>(XStream.java:530)
      	at cucumber.runtime.xstream.LocalizedXStreams$LocalizedXStream.<init>(LocalizedXStreams.java:50)
      	at cucumber.runtime.xstream.LocalizedXStreams.newXStream(LocalizedXStreams.java:37)
      	at cucumber.runtime.xstream.LocalizedXStreams.get(LocalizedXStreams.java:29)
      	at cucumber.runtime.StepDefinitionMatch.runStep(StepDefinitionMatch.java:37)
      	at cucumber.runtime.Runtime.runStep(Runtime.java:300)
      	at cucumber.runtime.model.StepContainer.runStep(StepContainer.java:44)
      	at cucumber.runtime.model.StepContainer.runSteps(StepContainer.java:39)
      	at cucumber.runtime.model.CucumberScenario.run(CucumberScenario.java:44)
      	at cucumber.runtime.model.CucumberFeature.run(CucumberFeature.java:165)
      	at cucumber.api.testng.TestNGCucumberRunner.runCucumber(TestNGCucumberRunner.java:63)
      	at MyRunner.TestRunner.feature(TestRunner.java:36)
      	at java.base/jdk.internal.reflect.NativeMethodAccessorImpl.invoke0(Native Method)
      	at java.base/jdk.internal.reflect.NativeMethodAccessorImpl.invoke(NativeMethodAccessorImpl.java:77)
      	at java.base/jdk.internal.reflect.DelegatingMethodAccessorImpl.invoke(DelegatingMethodAccessorImpl.java:43)
      	at java.base/java.lang.reflect.Method.invoke(Method.java:568)
      	at org.testng.internal.MethodInvocationHelper.invokeMethod(MethodInvocationHelper.java:124)
      	at org.testng.internal.Invoker.invokeMethod(Invoker.java:583)
      	at org.testng.internal.Invoker.invokeTestMethod(Invoker.java:719)
      	at org.testng.internal.Invoker.invokeTestMethods(Invoker.java:989)
      	at org.testng.internal.TestMethodWorker.invokeTestMethods(TestMethodWorker.java:125)
      	at org.testng.internal.TestMethodWorker.run(TestMethodWorker.java:109)
      	at org.testng.TestRunner.privateRun(TestRunner.java:648)
      	at org.testng.TestRunner.run(TestRunner.java:505)
      	at org.testng.SuiteRunner.runTest(SuiteRunner.java:455)
      	at org.testng.SuiteRunner.access$000(SuiteRunner.java:40)
      	at org.testng.SuiteRunner$SuiteWorker.run(SuiteRunner.java:489)
      	at org.testng.internal.thread.ThreadUtil$1.call(ThreadUtil.java:52)
      	at java.base/java.util.concurrent.FutureTask.run(FutureTask.java:264)
      	at java.base/java.util.concurrent.ThreadPoolExecutor.runWorker(ThreadPoolExecutor.java:1136)
      	at java.base/java.util.concurrent.ThreadPoolExecutor$Worker.run(ThreadPoolExecutor.java:635)
      	at java.base/java.lang.Thread.run(Thread.java:833)
      	at ✽.Given I launch Session on lambdatest(todo.feature:37)
      &amp#27;[0m
    &amp#27;[36mThen &amp#27;[0m&amp#27;[36mopen url from context json&amp#27;[0m      &amp#27;[90m# ToDoStepDefinition.open_url()&amp#27;[0m
    &amp#27;[36mThen &amp#27;[0m&amp#27;[36mClose the browser&amp#27;[0m               &amp#27;[90m# ToDoStepDefinition.close_the_browser()&amp#27;[0m

  @sample3
  Scenario: Open Url from json4          &amp#27;[90m# todo.feature:42&amp#27;[0m
    &amp#27;[31mGiven &amp#27;[0m&amp#27;[31mI launch Session on lambdatest&amp#27;[0m &amp#27;[90m# ToDoStepDefinition.user_already_on_home_page()&amp#27;[0m
      &amp#27;[31mjava.lang.NoClassDefFoundError: Could not initialize class cucumber.deps.com.thoughtworks.xstream.converters.collections.TreeMapConverter
      	at cucumber.deps.com.thoughtworks.xstream.XStream.setupConverters(XStream.java:820)
      	at cucumber.deps.com.thoughtworks.xstream.XStream.<init>(XStream.java:574)
      	at cucumber.deps.com.thoughtworks.xstream.XStream.<init>(XStream.java:530)
      	at cucumber.runtime.xstream.LocalizedXStreams$LocalizedXStream.<init>(LocalizedXStreams.java:50)
      	at cucumber.runtime.xstream.LocalizedXStreams.newXStream(LocalizedXStreams.java:37)
      	at cucumber.runtime.xstream.LocalizedXStreams.get(LocalizedXStreams.java:29)
      	at cucumber.runtime.StepDefinitionMatch.runStep(StepDefinitionMatch.java:37)
      	at cucumber.runtime.Runtime.runStep(Runtime.java:300)
      	at cucumber.runtime.model.StepContainer.runStep(StepContainer.java:44)
      	at cucumber.runtime.model.StepContainer.runSteps(StepContainer.java:39)
      	at cucumber.runtime.model.CucumberScenario.run(CucumberScenario.java:44)
      	at cucumber.runtime.model.CucumberFeature.run(CucumberFeature.java:165)
      	at cucumber.api.testng.TestNGCucumberRunner.runCucumber(TestNGCucumberRunner.java:63)
      	at MyRunner.TestRunner.feature(TestRunner.java:36)
      	at java.base/jdk.internal.reflect.NativeMethodAccessorImpl.invoke0(Native Method)
      	at java.base/jdk.internal.reflect.NativeMethodAccessorImpl.invoke(NativeMethodAccessorImpl.java:77)
      	at java.base/jdk.internal.reflect.DelegatingMethodAccessorImpl.invoke(DelegatingMethodAccessorImpl.java:43)
      	at java.base/java.lang.reflect.Method.invoke(Method.java:568)
      	at org.testng.internal.MethodInvocationHelper.invokeMethod(MethodInvocationHelper.java:124)
      	at org.testng.internal.Invoker.invokeMethod(Invoker.java:583)
      	at org.testng.internal.Invoker.invokeTestMethod(Invoker.java:719)
      	at org.testng.internal.Invoker.invokeTestMethods(Invoker.java:989)
      	at org.testng.internal.TestMethodWorker.invokeTestMethods(TestMethodWorker.java:125)
      	at org.testng.internal.TestMethodWorker.run(TestMethodWorker.java:109)
      	at org.testng.TestRunner.privateRun(TestRunner.java:648)
      	at org.testng.TestRunner.run(TestRunner.java:505)
      	at org.testng.SuiteRunner.runTest(SuiteRunner.java:455)
      	at org.testng.SuiteRunner.access$000(SuiteRunner.java:40)
      	at org.testng.SuiteRunner$SuiteWorker.run(SuiteRunner.java:489)
      	at org.testng.internal.thread.ThreadUtil$1.call(ThreadUtil.java:52)
      	at java.base/java.util.concurrent.FutureTask.run(FutureTask.java:264)
      	at java.base/java.util.concurrent.ThreadPoolExecutor.runWorker(ThreadPoolExecutor.java:1136)
      	at java.base/java.util.concurrent.ThreadPoolExecutor$Worker.run(ThreadPoolExecutor.java:635)
      	at java.base/java.lang.Thread.run(Thread.java:833)
      	at ✽.Given I launch Session on lambdatest(todo.feature:43)
      &amp#27;[0m
    &amp#27;[36mThen &amp#27;[0m&amp#27;[36mopen url from context json&amp#27;[0m      &amp#27;[90m# ToDoStepDefinition.open_url()&amp#27;[0m
    &amp#27;[36mThen &amp#27;[0m&amp#27;[36mClose the browser&amp#27;[0m               &amp#27;[90m# ToDoStepDefinition.close_the_browser()&amp#27;[0m

  @sample3
  Scenario: Open Url from json5          &amp#27;[90m# todo.feature:48&amp#27;[0m
    &amp#27;[31mGiven &amp#27;[0m&amp#27;[31mI launch Session on lambdatest&amp#27;[0m &amp#27;[90m# ToDoStepDefinition.user_already_on_home_page()&amp#27;[0m
      &amp#27;[31mjava.lang.NoClassDefFoundError: Could not initialize class cucumber.deps.com.thoughtworks.xstream.converters.collections.TreeMapConverter
      	at cucumber.deps.com.thoughtworks.xstream.XStream.setupConverters(XStream.java:820)
      	at cucumber.deps.com.thoughtworks.xstream.XStream.<init>(XStream.java:574)
      	at cucumber.deps.com.thoughtworks.xstream.XStream.<init>(XStream.java:530)
      	at cucumber.runtime.xstream.LocalizedXStreams$LocalizedXStream.<init>(LocalizedXStreams.java:50)
      	at cucumber.runtime.xstream.LocalizedXStreams.newXStream(LocalizedXStreams.java:37)
      	at cucumber.runtime.xstream.LocalizedXStreams.get(LocalizedXStreams.java:29)
      	at cucumber.runtime.StepDefinitionMatch.runStep(StepDefinitionMatch.java:37)
      	at cucumber.runtime.Runtime.runStep(Runtime.java:300)
      	at cucumber.runtime.model.StepContainer.runStep(StepContainer.java:44)
      	at cucumber.runtime.model.StepContainer.runSteps(StepContainer.java:39)
      	at cucumber.runtime.model.CucumberScenario.run(CucumberScenario.java:44)
      	at cucumber.runtime.model.CucumberFeature.run(CucumberFeature.java:165)
      	at cucumber.api.testng.TestNGCucumberRunner.runCucumber(TestNGCucumberRunner.java:63)
      	at MyRunner.TestRunner.feature(TestRunner.java:36)
      	at java.base/jdk.internal.reflect.NativeMethodAccessorImpl.invoke0(Native Method)
      	at java.base/jdk.internal.reflect.NativeMethodAccessorImpl.invoke(NativeMethodAccessorImpl.java:77)
      	at java.base/jdk.internal.reflect.DelegatingMethodAccessorImpl.invoke(DelegatingMethodAccessorImpl.java:43)
      	at java.base/java.lang.reflect.Method.invoke(Method.java:568)
      	at org.testng.internal.MethodInvocationHelper.invokeMethod(MethodInvocationHelper.java:124)
      	at org.testng.internal.Invoker.invokeMethod(Invoker.java:583)
      	at org.testng.internal.Invoker.invokeTestMethod(Invoker.java:719)
      	at org.testng.internal.Invoker.invokeTestMethods(Invoker.java:989)
      	at org.testng.internal.TestMethodWorker.invokeTestMethods(TestMethodWorker.java:125)
      	at org.testng.internal.TestMethodWorker.run(TestMethodWorker.java:109)
      	at org.testng.TestRunner.privateRun(TestRunner.java:648)
      	at org.testng.TestRunner.run(TestRunner.java:505)
      	at org.testng.SuiteRunner.runTest(SuiteRunner.java:455)
      	at org.testng.SuiteRunner.access$000(SuiteRunner.java:40)
      	at org.testng.SuiteRunner$SuiteWorker.run(SuiteRunner.java:489)
      	at org.testng.internal.thread.ThreadUtil$1.call(ThreadUtil.java:52)
      	at java.base/java.util.concurrent.FutureTask.run(FutureTask.java:264)
      	at java.base/java.util.concurrent.ThreadPoolExecutor.runWorker(ThreadPoolExecutor.java:1136)
      	at java.base/java.util.concurrent.ThreadPoolExecutor$Worker.run(ThreadPoolExecutor.java:635)
      	at java.base/java.lang.Thread.run(Thread.java:833)
      	at ✽.Given I launch Session on lambdatest(todo.feature:49)
      &amp#27;[0m
    &amp#27;[36mThen &amp#27;[0m&amp#27;[36mopen url from context json&amp#27;[0m      &amp#27;[90m# ToDoStepDefinition.open_url()&amp#27;[0m
    &amp#27;[36mThen &amp#27;[0m&amp#27;[36mClose the browser&amp#27;[0m               &amp#27;[90m# ToDoStepDefinition.close_the_browser()&amp#27;[0m
]]></system-out>
  </testcase>
</testsuite>